---------------------------------------------------------------
[ 2019-11-17T10:16:28+08:00 ] 0.0.0.0 GET www.sean.com/index/shopdateil/index.shtml
[运行时间：0.044060s] [吞吐率：22.70req/s] [内存消耗：2,131.64kb] [文件加载：52]
[ info ] [ LANG ] D:\web\phpweb\sean\thinkphp\lang\zh-cn.php
[ info ] [ DB ] INIT mysql
[ info ] [ ROUTE ] array (
  'type' => 'module',
  'module' => 
  array (
    0 => 'index',
    1 => 'shopdateil',
    2 => 'index',
  ),
)
[ info ] [ HEADER ] array (
  'cookie' => 'PHPSESSID=npa2c59arh39bi590jj24hal96; usermember=admin',
  'accept-language' => 'zh-CN,zh;q=0.9,en;q=0.8,und;q=0.7',
  'accept-encoding' => 'gzip, deflate',
  'referer' => 'http://www.sean.com/index/shop/index.shtml',
  'accept' => 'text/html,application/xhtml+xml,application/xml;q=0.9,image/webp,image/apng,*/*;q=0.8,application/signed-exchange;v=b3',
  'user-agent' => 'Mozilla/5.0 (Windows NT 10.0; Win64; x64) AppleWebKit/537.36 (KHTML, like Gecko) Chrome/78.0.3904.97 Safari/537.36',
  'upgrade-insecure-requests' => '1',
  'cache-control' => 'max-age=0',
  'connection' => 'close',
  'host' => 'www.sean.com',
)
[ info ] [ PARAM ] array (
)
[ info ] [ RUN ] app\index\controller\Shopdateil->index[ D:\web\phpweb\sean\app\index\controller\Shopdateil.php ]
[ info ] [ LOG ] INIT File
[ sql ] [ DB ] CONNECT:[ UseTime:0.001308s ] mysql:host=127.0.0.1;port=3306;dbname=sean;charset=utf8
[ sql ] [ SQL ] SHOW COLUMNS FROM `sean_urlconfig` [ RunTime:0.004960s ]
[ sql ] [ SQL ] SELECT `aliases`,`url` FROM `sean_urlconfig` WHERE  `status` = 1 [ RunTime:0.000363s ]
[ error ] [0]致命错误: Call to undefined function app\index\controller\error()[D:\web\phpweb\sean\app\index\controller\Shopdateil.php:27]
---------------------------------------------------------------
[ 2019-11-17T10:17:31+08:00 ] 0.0.0.0 GET www.sean.com/index/shopdateil/index.shtml
[运行时间：0.036315s] [吞吐率：27.54req/s] [内存消耗：2,276.27kb] [文件加载：54]
[ info ] [ LANG ] D:\web\phpweb\sean\thinkphp\lang\zh-cn.php
[ info ] [ DB ] INIT mysql
[ info ] [ ROUTE ] array (
  'type' => 'module',
  'module' => 
  array (
    0 => 'index',
    1 => 'shopdateil',
    2 => 'index',
  ),
)
[ info ] [ HEADER ] array (
  'cookie' => 'PHPSESSID=npa2c59arh39bi590jj24hal96; usermember=admin',
  'accept-language' => 'zh-CN,zh;q=0.9,en;q=0.8,und;q=0.7',
  'accept-encoding' => 'gzip, deflate',
  'referer' => 'http://www.sean.com/index/shop/index.shtml',
  'accept' => 'text/html,application/xhtml+xml,application/xml;q=0.9,image/webp,image/apng,*/*;q=0.8,application/signed-exchange;v=b3',
  'user-agent' => 'Mozilla/5.0 (Windows NT 10.0; Win64; x64) AppleWebKit/537.36 (KHTML, like Gecko) Chrome/78.0.3904.97 Safari/537.36',
  'upgrade-insecure-requests' => '1',
  'cache-control' => 'max-age=0',
  'connection' => 'close',
  'host' => 'www.sean.com',
)
[ info ] [ PARAM ] array (
)
[ info ] [ RUN ] app\index\controller\Shopdateil->index[ D:\web\phpweb\sean\app\index\controller\Shopdateil.php ]
[ info ] [ VIEW ] D:\web\phpweb\sean\thinkphp\tpl\dispatch_jump.tpl [ array (
  0 => 'code',
  1 => 'msg',
  2 => 'data',
  3 => 'url',
  4 => 'wait',
) ]
[ info ] [ LOG ] INIT File
[ sql ] [ DB ] CONNECT:[ UseTime:0.000527s ] mysql:host=127.0.0.1;port=3306;dbname=sean;charset=utf8
[ sql ] [ SQL ] SHOW COLUMNS FROM `sean_urlconfig` [ RunTime:0.006382s ]
[ sql ] [ SQL ] SELECT `aliases`,`url` FROM `sean_urlconfig` WHERE  `status` = 1 [ RunTime:0.000218s ]
---------------------------------------------------------------
[ 2019-11-17T10:17:34+08:00 ] 0.0.0.0 GET www.sean.com/index/index/index.shtml
[运行时间：0.030451s] [吞吐率：32.84req/s] [内存消耗：2,214.34kb] [文件加载：52]
[ info ] [ LANG ] D:\web\phpweb\sean\thinkphp\lang\zh-cn.php
[ info ] [ DB ] INIT mysql
[ info ] [ ROUTE ] array (
  'type' => 'module',
  'module' => 
  array (
    0 => 'index',
    1 => 'index',
    2 => 'index',
  ),
)
[ info ] [ HEADER ] array (
  'cookie' => 'PHPSESSID=npa2c59arh39bi590jj24hal96; usermember=admin',
  'accept-language' => 'zh-CN,zh;q=0.9,en;q=0.8,und;q=0.7',
  'accept-encoding' => 'gzip, deflate',
  'referer' => 'http://www.sean.com/index/shopdateil/index.shtml',
  'accept' => 'text/html,application/xhtml+xml,application/xml;q=0.9,image/webp,image/apng,*/*;q=0.8,application/signed-exchange;v=b3',
  'user-agent' => 'Mozilla/5.0 (Windows NT 10.0; Win64; x64) AppleWebKit/537.36 (KHTML, like Gecko) Chrome/78.0.3904.97 Safari/537.36',
  'upgrade-insecure-requests' => '1',
  'connection' => 'close',
  'host' => 'www.sean.com',
)
[ info ] [ PARAM ] array (
)
[ info ] [ RUN ] app\index\controller\Index->index[ D:\web\phpweb\sean\app\index\controller\Index.php ]
[ info ] [ VIEW ] D:\web\phpweb\sean\public/../app/index\view\index\index.html [ array (
  0 => 'controller',
) ]
[ info ] [ LOG ] INIT File
[ sql ] [ DB ] CONNECT:[ UseTime:0.000541s ] mysql:host=127.0.0.1;port=3306;dbname=sean;charset=utf8
[ sql ] [ SQL ] SHOW COLUMNS FROM `sean_urlconfig` [ RunTime:0.003255s ]
[ sql ] [ SQL ] SELECT `aliases`,`url` FROM `sean_urlconfig` WHERE  `status` = 1 [ RunTime:0.000200s ]
---------------------------------------------------------------
[ 2019-11-17T10:17:35+08:00 ] 0.0.0.0 GET www.sean.com/static/index/fonts/revicons.woff
[运行时间：0.031138s] [吞吐率：32.12req/s] [内存消耗：1,854.44kb] [文件加载：43]
[ info ] [ LANG ] D:\web\phpweb\sean\thinkphp\lang\zh-cn.php
[ info ] [ DB ] INIT mysql
[ info ] [ ROUTE ] array (
  'type' => 'module',
  'module' => 
  array (
    0 => 'static',
    1 => 'index',
    2 => 'fonts',
  ),
)
[ info ] [ HEADER ] array (
  'cookie' => 'PHPSESSID=npa2c59arh39bi590jj24hal96; usermember=admin',
  'accept-language' => 'zh-CN,zh;q=0.9,en;q=0.8,und;q=0.7',
  'accept-encoding' => 'gzip, deflate',
  'referer' => 'http://www.sean.com/static/index/css/settings.css',
  'accept' => '*/*',
  'user-agent' => 'Mozilla/5.0 (Windows NT 10.0; Win64; x64) AppleWebKit/537.36 (KHTML, like Gecko) Chrome/78.0.3904.97 Safari/537.36',
  'origin' => 'http://www.sean.com',
  'connection' => 'close',
  'host' => 'www.sean.com',
)
[ info ] [ PARAM ] array (
)
[ info ] [ LOG ] INIT File
[ sql ] [ DB ] CONNECT:[ UseTime:0.000815s ] mysql:host=127.0.0.1;port=3306;dbname=sean;charset=utf8
[ sql ] [ SQL ] SHOW COLUMNS FROM `sean_urlconfig` [ RunTime:0.004648s ]
[ sql ] [ SQL ] SELECT `aliases`,`url` FROM `sean_urlconfig` WHERE  `status` = 1 [ RunTime:0.000269s ]
---------------------------------------------------------------
[ 2019-11-17T10:17:44+08:00 ] 0.0.0.0 GET www.sean.com/index/shop/index.shtml
[运行时间：0.065446s] [吞吐率：15.28req/s] [内存消耗：2,635.65kb] [文件加载：59]
[ info ] [ LANG ] D:\web\phpweb\sean\thinkphp\lang\zh-cn.php
[ info ] [ DB ] INIT mysql
[ info ] [ ROUTE ] array (
  'type' => 'module',
  'module' => 
  array (
    0 => 'index',
    1 => 'shop',
    2 => 'index',
  ),
)
[ info ] [ HEADER ] array (
  'cookie' => 'PHPSESSID=npa2c59arh39bi590jj24hal96; usermember=admin',
  'accept-language' => 'zh-CN,zh;q=0.9,en;q=0.8,und;q=0.7',
  'accept-encoding' => 'gzip, deflate',
  'referer' => 'http://www.sean.com/index/index/index.shtml',
  'accept' => 'text/html,application/xhtml+xml,application/xml;q=0.9,image/webp,image/apng,*/*;q=0.8,application/signed-exchange;v=b3',
  'user-agent' => 'Mozilla/5.0 (Windows NT 10.0; Win64; x64) AppleWebKit/537.36 (KHTML, like Gecko) Chrome/78.0.3904.97 Safari/537.36',
  'upgrade-insecure-requests' => '1',
  'connection' => 'close',
  'host' => 'www.sean.com',
)
[ info ] [ PARAM ] array (
)
[ info ] [ RUN ] app\index\controller\Shop->index[ D:\web\phpweb\sean\app\index\controller\Shop.php ]
[ info ] [ VIEW ] D:\web\phpweb\sean\public/../app/index\view\shop\shop.html [ array (
  0 => 'goodsCate',
  1 => 'controller',
  2 => 'goodsVice',
  3 => 'goodsList',
) ]
[ info ] [ LOG ] INIT File
[ sql ] [ DB ] CONNECT:[ UseTime:0.001244s ] mysql:host=127.0.0.1;port=3306;dbname=sean;charset=utf8
[ sql ] [ SQL ] SHOW COLUMNS FROM `sean_urlconfig` [ RunTime:0.003554s ]
[ sql ] [ SQL ] SELECT `aliases`,`url` FROM `sean_urlconfig` WHERE  `status` = 1 [ RunTime:0.000200s ]
[ sql ] [ SQL ] SHOW COLUMNS FROM `sean_goods` [ RunTime:0.005108s ]
[ sql ] [ SQL ] SELECT COUNT(*) AS tp_count FROM `sean_goods` `a` LEFT JOIN `sean_goods_content` `c` ON `a`.`id`=`c`.`goods_id` LIMIT 1 [ RunTime:0.002928s ]
[ sql ] [ SQL ] SELECT `a`.*,`c`.* FROM `sean_goods` `a` LEFT JOIN `sean_goods_content` `c` ON `a`.`id`=`c`.`goods_id` LIMIT 0,15 [ RunTime:0.000556s ]
[ sql ] [ SQL ] SHOW COLUMNS FROM `sean_goods_cate` [ RunTime:0.005163s ]
[ sql ] [ SQL ] SELECT * FROM `sean_goods_cate` [ RunTime:0.000228s ]
[ sql ] [ SQL ] SELECT * FROM `sean_goods` LIMIT 3 [ RunTime:0.000264s ]
---------------------------------------------------------------
[ 2019-11-17T10:17:47+08:00 ] 0.0.0.0 GET www.sean.com/index/shopdateil/index/id/1.shtml
[运行时间：0.067060s] [吞吐率：14.91req/s] [内存消耗：2,276.41kb] [文件加载：49]
[ info ] [ LANG ] D:\web\phpweb\sean\thinkphp\lang\zh-cn.php
[ info ] [ DB ] INIT mysql
[ info ] [ ROUTE ] array (
  'type' => 'module',
  'module' => 
  array (
    0 => 'index',
    1 => 'shopdateil',
    2 => 'index',
  ),
)
[ info ] [ HEADER ] array (
  'cookie' => 'PHPSESSID=npa2c59arh39bi590jj24hal96; usermember=admin',
  'accept-language' => 'zh-CN,zh;q=0.9,en;q=0.8,und;q=0.7',
  'accept-encoding' => 'gzip, deflate',
  'referer' => 'http://www.sean.com/index/shop/index.shtml',
  'accept' => 'text/html,application/xhtml+xml,application/xml;q=0.9,image/webp,image/apng,*/*;q=0.8,application/signed-exchange;v=b3',
  'user-agent' => 'Mozilla/5.0 (Windows NT 10.0; Win64; x64) AppleWebKit/537.36 (KHTML, like Gecko) Chrome/78.0.3904.97 Safari/537.36',
  'upgrade-insecure-requests' => '1',
  'connection' => 'close',
  'host' => 'www.sean.com',
)
[ info ] [ PARAM ] array (
  'id' => '1',
)
[ info ] [ RUN ] app\index\controller\Shopdateil->index[ D:\web\phpweb\sean\app\index\controller\Shopdateil.php ]
[ info ] [ LOG ] INIT File
[ sql ] [ DB ] CONNECT:[ UseTime:0.000517s ] mysql:host=127.0.0.1;port=3306;dbname=sean;charset=utf8
[ sql ] [ SQL ] SHOW COLUMNS FROM `sean_urlconfig` [ RunTime:0.003133s ]
[ sql ] [ SQL ] SELECT `aliases`,`url` FROM `sean_urlconfig` WHERE  `status` = 1 [ RunTime:0.000239s ]
[ sql ] [ SQL ] SHOW COLUMNS FROM `sean_goods` [ RunTime:0.004324s ]
[ sql ] [ SQL ] SELECT * FROM `sean_goods` WHERE  `id` = 1 LIMIT 1 [ RunTime:0.000369s ]
[ sql ] [ SQL ] SHOW COLUMNS FROM `sean_goods_content` [ RunTime:0.003047s ]
[ sql ] [ SQL ] SELECT * FROM `sean_goods_content` WHERE  `goods_id` = 1 [ RunTime:0.000236s ]
[ sql ] [ SQL ] SHOW COLUMNS FROM `sean_goods_atlas` [ RunTime:0.016307s ]
[ sql ] [ SQL ] SELECT * FROM `sean_goods_atlas` WHERE  `goods_id` = 1 [ RunTime:0.000510s ]
[ sql ] [ SQL ] SHOW COLUMNS FROM `sean_goods_attr` [ RunTime:0.004634s ]
[ sql ] [ SQL ] SELECT * FROM `sean_goods_attr` WHERE  `goods_id` = 1 [ RunTime:0.000227s ]
[ sql ] [ SQL ] SHOW COLUMNS FROM `sean_goods_cate` [ RunTime:0.003515s ]
[ sql ] [ SQL ] SELECT * FROM `sean_goods_cate` [ RunTime:0.000209s ]
---------------------------------------------------------------
[ 2019-11-17T10:18:04+08:00 ] 0.0.0.0 GET www.sean.com/index/shopdateil/index/id/1.shtml
[运行时间：0.092014s] [吞吐率：10.87req/s] [内存消耗：2,586.21kb] [文件加载：55]
[ info ] [ LANG ] D:\web\phpweb\sean\thinkphp\lang\zh-cn.php
[ info ] [ DB ] INIT mysql
[ info ] [ ROUTE ] array (
  'type' => 'module',
  'module' => 
  array (
    0 => 'index',
    1 => 'shopdateil',
    2 => 'index',
  ),
)
[ info ] [ HEADER ] array (
  'cookie' => 'PHPSESSID=npa2c59arh39bi590jj24hal96; usermember=admin',
  'accept-language' => 'zh-CN,zh;q=0.9,en;q=0.8,und;q=0.7',
  'accept-encoding' => 'gzip, deflate',
  'referer' => 'http://www.sean.com/index/shop/index.shtml',
  'accept' => 'text/html,application/xhtml+xml,application/xml;q=0.9,image/webp,image/apng,*/*;q=0.8,application/signed-exchange;v=b3',
  'user-agent' => 'Mozilla/5.0 (Windows NT 10.0; Win64; x64) AppleWebKit/537.36 (KHTML, like Gecko) Chrome/78.0.3904.97 Safari/537.36',
  'upgrade-insecure-requests' => '1',
  'cache-control' => 'max-age=0',
  'connection' => 'close',
  'host' => 'www.sean.com',
)
[ info ] [ PARAM ] array (
  'id' => '1',
)
[ info ] [ RUN ] app\index\controller\Shopdateil->index[ D:\web\phpweb\sean\app\index\controller\Shopdateil.php ]
[ info ] [ VIEW ] D:\web\phpweb\sean\public/../app/index\view\shopdateil\shopdateil.html [ array (
  0 => 'goodsCate',
  1 => 'controller',
  2 => 'goodsVice',
  3 => 'goods',
  4 => 'goods_content',
  5 => 'goods_atlas',
  6 => 'goods_attr',
) ]
[ info ] [ LOG ] INIT File
[ sql ] [ DB ] CONNECT:[ UseTime:0.000639s ] mysql:host=127.0.0.1;port=3306;dbname=sean;charset=utf8
[ sql ] [ SQL ] SHOW COLUMNS FROM `sean_urlconfig` [ RunTime:0.026412s ]
[ sql ] [ SQL ] SELECT `aliases`,`url` FROM `sean_urlconfig` WHERE  `status` = 1 [ RunTime:0.000222s ]
[ sql ] [ SQL ] SHOW COLUMNS FROM `sean_goods` [ RunTime:0.004365s ]
[ sql ] [ SQL ] SELECT * FROM `sean_goods` WHERE  `id` = 1 LIMIT 1 [ RunTime:0.000257s ]
[ sql ] [ SQL ] SHOW COLUMNS FROM `sean_goods_content` [ RunTime:0.002957s ]
[ sql ] [ SQL ] SELECT * FROM `sean_goods_content` WHERE  `goods_id` = 1 [ RunTime:0.000229s ]
[ sql ] [ SQL ] SHOW COLUMNS FROM `sean_goods_atlas` [ RunTime:0.003054s ]
[ sql ] [ SQL ] SELECT * FROM `sean_goods_atlas` WHERE  `goods_id` = 1 [ RunTime:0.000197s ]
[ sql ] [ SQL ] SHOW COLUMNS FROM `sean_goods_attr` [ RunTime:0.010054s ]
[ sql ] [ SQL ] SELECT * FROM `sean_goods_attr` WHERE  `goods_id` = 1 [ RunTime:0.000198s ]
[ sql ] [ SQL ] SHOW COLUMNS FROM `sean_goods_cate` [ RunTime:0.002963s ]
[ sql ] [ SQL ] SELECT * FROM `sean_goods_cate` [ RunTime:0.000173s ]
[ sql ] [ SQL ] SELECT * FROM `sean_goods` LIMIT 3 [ RunTime:0.000224s ]
---------------------------------------------------------------
[ 2019-11-17T10:18:04+08:00 ] 0.0.0.0 GET www.sean.com/uploads/admin/goods_thumb/20191111/a510a179bbec4551a502528744881458.jpg
[运行时间：0.050691s] [吞吐率：19.73req/s] [内存消耗：1,854.79kb] [文件加载：43]
[ info ] [ LANG ] D:\web\phpweb\sean\thinkphp\lang\zh-cn.php
[ info ] [ DB ] INIT mysql
[ info ] [ ROUTE ] array (
  'type' => 'module',
  'module' => 
  array (
    0 => 'uploads',
    1 => 'admin',
    2 => 'goods_thumb',
  ),
)
[ info ] [ HEADER ] array (
  'cookie' => 'PHPSESSID=npa2c59arh39bi590jj24hal96; usermember=admin',
  'accept-language' => 'zh-CN,zh;q=0.9,en;q=0.8,und;q=0.7',
  'accept-encoding' => 'gzip, deflate',
  'referer' => 'http://www.sean.com/index/shopdateil/index/id/1.shtml',
  'accept' => 'image/webp,image/apng,image/*,*/*;q=0.8',
  'user-agent' => 'Mozilla/5.0 (Windows NT 10.0; Win64; x64) AppleWebKit/537.36 (KHTML, like Gecko) Chrome/78.0.3904.97 Safari/537.36',
  'connection' => 'close',
  'host' => 'www.sean.com',
)
[ info ] [ PARAM ] array (
  0 => 'a510a179bbec4551a502528744881458.jpg',
)
[ info ] [ LOG ] INIT File
[ sql ] [ DB ] CONNECT:[ UseTime:0.001627s ] mysql:host=127.0.0.1;port=3306;dbname=sean;charset=utf8
[ sql ] [ SQL ] SHOW COLUMNS FROM `sean_urlconfig` [ RunTime:0.025747s ]
[ sql ] [ SQL ] SELECT `aliases`,`url` FROM `sean_urlconfig` WHERE  `status` = 1 [ RunTime:0.000296s ]
---------------------------------------------------------------
[ 2019-11-17T10:19:05+08:00 ] 0.0.0.0 GET www.sean.com/admin/index/index.shtml
[运行时间：0.079662s] [吞吐率：12.55req/s] [内存消耗：2,260.13kb] [文件加载：52]
[ info ] [ LANG ] D:\web\phpweb\sean\thinkphp\lang\zh-cn.php
[ info ] [ DB ] INIT mysql
[ info ] [ ROUTE ] array (
  'type' => 'module',
  'module' => 
  array (
    0 => 'admin',
    1 => 'index',
    2 => 'index',
  ),
)
[ info ] [ HEADER ] array (
  'cookie' => 'PHPSESSID=npa2c59arh39bi590jj24hal96; usermember=admin',
  'accept-language' => 'zh-CN,zh;q=0.9,en;q=0.8,und;q=0.7',
  'accept-encoding' => 'gzip, deflate',
  'accept' => 'text/html,application/xhtml+xml,application/xml;q=0.9,image/webp,image/apng,*/*;q=0.8,application/signed-exchange;v=b3',
  'user-agent' => 'Mozilla/5.0 (Windows NT 10.0; Win64; x64) AppleWebKit/537.36 (KHTML, like Gecko) Chrome/78.0.3904.97 Safari/537.36',
  'upgrade-insecure-requests' => '1',
  'cache-control' => 'max-age=0',
  'connection' => 'close',
  'host' => 'www.sean.com',
)
[ info ] [ PARAM ] array (
)
[ info ] [ SESSION ] INIT array (
  'id' => '',
  'var_session_id' => '',
  'prefix' => 'think',
  'type' => '',
  'auto_start' => true,
)
[ info ] [ RUN ] app\admin\controller\Index->index[ D:\web\phpweb\sean\app\admin\controller\Index.php ]
[ info ] [ VIEW ] D:\web\phpweb\sean\public/../app/admin\view\index\index.html [ array (
  0 => 'menus',
  1 => 'cookie',
) ]
[ info ] [ LOG ] INIT File
[ sql ] [ DB ] CONNECT:[ UseTime:0.000623s ] mysql:host=127.0.0.1;port=3306;dbname=sean;charset=utf8
[ sql ] [ SQL ] SHOW COLUMNS FROM `sean_urlconfig` [ RunTime:0.003549s ]
[ sql ] [ SQL ] SELECT `aliases`,`url` FROM `sean_urlconfig` WHERE  `status` = 1 [ RunTime:0.000229s ]
[ sql ] [ SQL ] SHOW COLUMNS FROM `sean_webconfig` [ RunTime:0.005348s ]
[ sql ] [ SQL ] SELECT `black_ip` FROM `sean_webconfig` WHERE  `web` = 'web' LIMIT 1 [ RunTime:0.000284s ]
[ sql ] [ SQL ] SHOW COLUMNS FROM `sean_admin_cate` [ RunTime:0.006042s ]
[ sql ] [ SQL ] SELECT `permissions` FROM `sean_admin_cate` WHERE  `id` = 1 LIMIT 1 [ RunTime:0.000507s ]
[ sql ] [ SQL ] SHOW COLUMNS FROM `sean_admin_menu` [ RunTime:0.005839s ]
[ sql ] [ SQL ] SELECT * FROM `sean_admin_menu` WHERE  `module` = 'admin'  AND `controller` = 'Index'  AND `function` = 'index'  AND `type` = 1 LIMIT 1 [ RunTime:0.000468s ]
[ sql ] [ SQL ] SELECT * FROM `sean_admin_menu` WHERE  `is_display` = 1 ORDER BY `orders` ASC [ RunTime:0.001353s ]
[ sql ] [ SQL ] SELECT `permissions` FROM `sean_admin_cate` WHERE  `id` = 1 LIMIT 1 [ RunTime:0.000218s ]
[ sql ] [ SQL ] SHOW COLUMNS FROM `sean_admin` [ RunTime:0.005961s ]
[ sql ] [ SQL ] SELECT * FROM `sean_admin` WHERE  `id` = 1 LIMIT 1 [ RunTime:0.000315s ]
[ sql ] [ SQL ] SHOW COLUMNS FROM `sean_attachment` [ RunTime:0.006121s ]
[ sql ] [ SQL ] SELECT * FROM `sean_attachment` WHERE  `id` = 5 LIMIT 1 [ RunTime:0.000326s ]
---------------------------------------------------------------
[ 2019-11-17T10:19:06+08:00 ] 0.0.0.0 GET www.sean.com/admin/main/index
[运行时间：0.071649s] [吞吐率：13.96req/s] [内存消耗：2,206.26kb] [文件加载：52]
[ info ] [ LANG ] D:\web\phpweb\sean\thinkphp\lang\zh-cn.php
[ info ] [ DB ] INIT mysql
[ info ] [ ROUTE ] array (
  'type' => 'module',
  'module' => 
  array (
    0 => 'admin',
    1 => 'main',
    2 => 'index',
  ),
)
[ info ] [ HEADER ] array (
  'cookie' => 'PHPSESSID=npa2c59arh39bi590jj24hal96; usermember=admin',
  'accept-language' => 'zh-CN,zh;q=0.9,en;q=0.8,und;q=0.7',
  'accept-encoding' => 'gzip, deflate',
  'referer' => 'http://www.sean.com/admin/index/index.shtml',
  'accept' => 'text/html,application/xhtml+xml,application/xml;q=0.9,image/webp,image/apng,*/*;q=0.8,application/signed-exchange;v=b3',
  'user-agent' => 'Mozilla/5.0 (Windows NT 10.0; Win64; x64) AppleWebKit/537.36 (KHTML, like Gecko) Chrome/78.0.3904.97 Safari/537.36',
  'upgrade-insecure-requests' => '1',
  'connection' => 'close',
  'host' => 'www.sean.com',
)
[ info ] [ PARAM ] array (
)
[ info ] [ SESSION ] INIT array (
  'id' => '',
  'var_session_id' => '',
  'prefix' => 'think',
  'type' => '',
  'auto_start' => true,
)
[ info ] [ RUN ] app\admin\controller\Main->index[ D:\web\phpweb\sean\app\admin\controller\Main.php ]
[ info ] [ VIEW ] D:\web\phpweb\sean\public/../app/admin\view\main\index.html [ array (
  0 => 'info',
  1 => 'web',
) ]
[ info ] [ LOG ] INIT File
[ sql ] [ DB ] CONNECT:[ UseTime:0.000619s ] mysql:host=127.0.0.1;port=3306;dbname=sean;charset=utf8
[ sql ] [ SQL ] SHOW COLUMNS FROM `sean_urlconfig` [ RunTime:0.003883s ]
[ sql ] [ SQL ] SELECT `aliases`,`url` FROM `sean_urlconfig` WHERE  `status` = 1 [ RunTime:0.000208s ]
[ sql ] [ SQL ] SHOW COLUMNS FROM `sean_webconfig` [ RunTime:0.003324s ]
[ sql ] [ SQL ] SELECT `black_ip` FROM `sean_webconfig` WHERE  `web` = 'web' LIMIT 1 [ RunTime:0.000191s ]
[ sql ] [ SQL ] SHOW COLUMNS FROM `sean_admin_cate` [ RunTime:0.003177s ]
[ sql ] [ SQL ] SELECT `permissions` FROM `sean_admin_cate` WHERE  `id` = 1 LIMIT 1 [ RunTime:0.000189s ]
[ sql ] [ SQL ] SHOW COLUMNS FROM `sean_admin_menu` [ RunTime:0.002970s ]
[ sql ] [ SQL ] SELECT * FROM `sean_admin_menu` WHERE  `module` = 'admin'  AND `controller` = 'Main'  AND `function` = 'index'  AND `type` = 1  AND `parameter` = 'main=' LIMIT 1 [ RunTime:0.000321s ]
[ sql ] [ SQL ] SELECT * FROM `sean_admin_menu` WHERE  `module` = 'admin'  AND `controller` = 'Main'  AND `function` = 'index'  AND `type` = 1 LIMIT 1 [ RunTime:0.000283s ]
[ sql ] [ SQL ] SHOW COLUMNS FROM `sean_admin` [ RunTime:0.004449s ]
[ sql ] [ SQL ] SELECT COUNT(*) AS tp_count FROM `sean_admin` LIMIT 1 [ RunTime:0.000145s ]
[ sql ] [ SQL ] SELECT COUNT(*) AS tp_count FROM `sean_admin_cate` LIMIT 1 [ RunTime:0.000113s ]
[ sql ] [ SQL ] SELECT `black_ip` FROM `sean_webconfig` LIMIT 1 [ RunTime:0.000133s ]
[ sql ] [ SQL ] SHOW COLUMNS FROM `sean_article` [ RunTime:0.004654s ]
[ sql ] [ SQL ] SELECT COUNT(*) AS tp_count FROM `sean_article` LIMIT 1 [ RunTime:0.000144s ]
[ sql ] [ SQL ] SELECT COUNT(*) AS tp_count FROM `sean_article` WHERE  `status` = 0 LIMIT 1 [ RunTime:0.000194s ]
[ sql ] [ SQL ] SELECT COUNT(*) AS tp_count FROM `sean_article` WHERE  `is_top` = 1 LIMIT 1 [ RunTime:0.000139s ]
[ sql ] [ SQL ] SHOW COLUMNS FROM `sean_attachment` [ RunTime:0.003125s ]
[ sql ] [ SQL ] SELECT COUNT(*) AS tp_count FROM `sean_attachment` LIMIT 1 [ RunTime:0.000184s ]
[ sql ] [ SQL ] SELECT COUNT(*) AS tp_count FROM `sean_attachment` WHERE  `status` = 0 LIMIT 1 [ RunTime:0.000180s ]
[ sql ] [ SQL ] SELECT COUNT(*) AS tp_count FROM `sean_attachment` WHERE  `status` = -1 LIMIT 1 [ RunTime:0.000150s ]
[ sql ] [ SQL ] SHOW COLUMNS FROM `sean_messages` [ RunTime:0.006392s ]
[ sql ] [ SQL ] SELECT COUNT(*) AS tp_count FROM `sean_messages` LIMIT 1 [ RunTime:0.000168s ]
[ sql ] [ SQL ] SELECT COUNT(*) AS tp_count FROM `sean_messages` WHERE  `is_look` = 0 LIMIT 1 [ RunTime:0.000141s ]
[ sql ] [ SQL ] SHOW COLUMNS FROM `sean_admin_log` [ RunTime:0.004034s ]
[ sql ] [ SQL ] SELECT COUNT(*) AS tp_count FROM `sean_admin_log` WHERE  `admin_menu_id` = 50  AND ( `create_time` >= 1573142400 AND `create_time` <= 1573228800 ) LIMIT 1 [ RunTime:0.000448s ]
[ sql ] [ SQL ] SELECT COUNT(*) AS tp_count FROM `sean_admin_log` WHERE  `admin_menu_id` = 50  AND ( `create_time` >= 1573228800 AND `create_time` <= 1573315200 ) LIMIT 1 [ RunTime:0.000178s ]
[ sql ] [ SQL ] SELECT COUNT(*) AS tp_count FROM `sean_admin_log` WHERE  `admin_menu_id` = 50  AND ( `create_time` >= 1573315200 AND `create_time` <= 1573401600 ) LIMIT 1 [ RunTime:0.000390s ]
[ sql ] [ SQL ] SELECT COUNT(*) AS tp_count FROM `sean_admin_log` WHERE  `admin_menu_id` = 50  AND ( `create_time` >= 1573401600 AND `create_time` <= 1573488000 ) LIMIT 1 [ RunTime:0.000262s ]
[ sql ] [ SQL ] SELECT COUNT(*) AS tp_count FROM `sean_admin_log` WHERE  `admin_menu_id` = 50  AND ( `create_time` >= 1573488000 AND `create_time` <= 1573574400 ) LIMIT 1 [ RunTime:0.000161s ]
[ sql ] [ SQL ] SELECT COUNT(*) AS tp_count FROM `sean_admin_log` WHERE  `admin_menu_id` = 50  AND ( `create_time` >= 1573574400 AND `create_time` <= 1573660800 ) LIMIT 1 [ RunTime:0.000158s ]
[ sql ] [ SQL ] SELECT COUNT(*) AS tp_count FROM `sean_admin_log` WHERE  `admin_menu_id` = 50  AND ( `create_time` >= 1573660800 AND `create_time` <= 1573747200 ) LIMIT 1 [ RunTime:0.000167s ]
[ sql ] [ SQL ] SELECT COUNT(*) AS tp_count FROM `sean_admin_log` WHERE  `admin_menu_id` = 50  AND ( `create_time` >= 1573747200 AND `create_time` <= 1573833600 ) LIMIT 1 [ RunTime:0.000151s ]
[ sql ] [ SQL ] SELECT COUNT(*) AS tp_count FROM `sean_admin_log` WHERE  `admin_menu_id` = 50  AND ( `create_time` >= 1573833600 AND `create_time` <= 1573920000 ) LIMIT 1 [ RunTime:0.000147s ]
[ sql ] [ SQL ] SELECT COUNT(*) AS tp_count FROM `sean_admin_log` WHERE  `admin_menu_id` = 50  AND ( `create_time` >= 1573920000 AND `create_time` <= 1574006400 ) LIMIT 1 [ RunTime:0.000147s ]
---------------------------------------------------------------
[ 2019-11-17T19:32:46+08:00 ] 0.0.0.0 GET www.sean.com/index/shopdateil/index/id/1.shtml
[运行时间：0.144874s] [吞吐率：6.90req/s] [内存消耗：2,599.13kb] [文件加载：59]
[ info ] [ LANG ] D:\web\phpweb\sean\thinkphp\lang\zh-cn.php
[ info ] [ DB ] INIT mysql
[ info ] [ ROUTE ] array (
  'type' => 'module',
  'module' => 
  array (
    0 => 'index',
    1 => 'shopdateil',
    2 => 'index',
  ),
)
[ info ] [ HEADER ] array (
  'cookie' => 'PHPSESSID=npa2c59arh39bi590jj24hal96; usermember=admin; adminer_version=4.7.5',
  'accept-language' => 'zh-CN,zh;q=0.9,en;q=0.8,und;q=0.7',
  'accept-encoding' => 'gzip, deflate',
  'referer' => 'http://www.sean.com/index/shop/index.shtml',
  'accept' => 'text/html,application/xhtml+xml,application/xml;q=0.9,image/webp,image/apng,*/*;q=0.8,application/signed-exchange;v=b3',
  'user-agent' => 'Mozilla/5.0 (Windows NT 10.0; Win64; x64) AppleWebKit/537.36 (KHTML, like Gecko) Chrome/78.0.3904.97 Safari/537.36',
  'upgrade-insecure-requests' => '1',
  'cache-control' => 'max-age=0',
  'connection' => 'close',
  'host' => 'www.sean.com',
)
[ info ] [ PARAM ] array (
  'id' => '1',
)
[ info ] [ RUN ] app\index\controller\Shopdateil->index[ D:\web\phpweb\sean\app\index\controller\Shopdateil.php ]
[ info ] [ VIEW ] D:\web\phpweb\sean\public/../app/index\view\shopdateil\shopdateil.html [ array (
  0 => 'goodsCate',
  1 => 'controller',
  2 => 'goodsVice',
  3 => 'goods',
  4 => 'goods_content',
  5 => 'goods_atlas',
  6 => 'goods_attr',
) ]
[ info ] [ LOG ] INIT File
[ sql ] [ DB ] CONNECT:[ UseTime:0.011209s ] mysql:host=127.0.0.1;port=3306;dbname=sean;charset=utf8
[ sql ] [ SQL ] SHOW COLUMNS FROM `sean_urlconfig` [ RunTime:0.004778s ]
[ sql ] [ SQL ] SELECT `aliases`,`url` FROM `sean_urlconfig` WHERE  `status` = 1 [ RunTime:0.000359s ]
[ sql ] [ SQL ] SHOW COLUMNS FROM `sean_goods` [ RunTime:0.003346s ]
[ sql ] [ SQL ] SELECT * FROM `sean_goods` WHERE  `id` = 1 LIMIT 1 [ RunTime:0.000742s ]
[ sql ] [ SQL ] SHOW COLUMNS FROM `sean_goods_content` [ RunTime:0.004919s ]
[ sql ] [ SQL ] SELECT * FROM `sean_goods_content` WHERE  `goods_id` = 1 [ RunTime:0.000496s ]
[ sql ] [ SQL ] SHOW COLUMNS FROM `sean_goods_atlas` [ RunTime:0.004606s ]
[ sql ] [ SQL ] SELECT * FROM `sean_goods_atlas` WHERE  `goods_id` = 1 [ RunTime:0.000409s ]
[ sql ] [ SQL ] SHOW COLUMNS FROM `sean_goods_attr` [ RunTime:0.004175s ]
[ sql ] [ SQL ] SELECT * FROM `sean_goods_attr` WHERE  `goods_id` = 1 [ RunTime:0.000240s ]
[ sql ] [ SQL ] SHOW COLUMNS FROM `sean_goods_cate` [ RunTime:0.005254s ]
[ sql ] [ SQL ] SELECT * FROM `sean_goods_cate` [ RunTime:0.000333s ]
[ sql ] [ SQL ] SELECT * FROM `sean_goods` LIMIT 3 [ RunTime:0.000316s ]
[ error ] [8]未定义数组索引: id[D:\web\phpweb\sean\runtime\temp\41526fc056aa47409a13bc1f582d5cac.php:297]
---------------------------------------------------------------
[ 2019-11-17T19:39:32+08:00 ] 0.0.0.0 GET www.sean.com/index/shopdateil/index/id/1.shtml
[运行时间：0.037752s] [吞吐率：26.49req/s] [内存消耗：2,142.32kb] [文件加载：54]
[ info ] [ LANG ] D:\web\phpweb\sean\thinkphp\lang\zh-cn.php
[ info ] [ DB ] INIT mysql
[ info ] [ ROUTE ] array (
  'type' => 'module',
  'module' => 
  array (
    0 => 'index',
    1 => 'shopdateil',
    2 => 'index',
  ),
)
[ info ] [ HEADER ] array (
  'cookie' => 'PHPSESSID=npa2c59arh39bi590jj24hal96; usermember=admin; adminer_version=4.7.5',
  'accept-language' => 'zh-CN,zh;q=0.9,en;q=0.8,und;q=0.7',
  'accept-encoding' => 'gzip, deflate',
  'referer' => 'http://www.sean.com/index/shop/index.shtml',
  'accept' => 'text/html,application/xhtml+xml,application/xml;q=0.9,image/webp,image/apng,*/*;q=0.8,application/signed-exchange;v=b3',
  'user-agent' => 'Mozilla/5.0 (Windows NT 10.0; Win64; x64) AppleWebKit/537.36 (KHTML, like Gecko) Chrome/78.0.3904.97 Safari/537.36',
  'upgrade-insecure-requests' => '1',
  'cache-control' => 'max-age=0',
  'connection' => 'close',
  'host' => 'www.sean.com',
)
[ info ] [ PARAM ] array (
  'id' => '1',
)
[ info ] [ RUN ] app\index\controller\Shopdateil->index[ D:\web\phpweb\sean\app\index\controller\Shopdateil.php ]
[ info ] [ LOG ] INIT File
[ sql ] [ DB ] CONNECT:[ UseTime:0.001325s ] mysql:host=127.0.0.1;port=3306;dbname=sean;charset=utf8
[ sql ] [ SQL ] SHOW COLUMNS FROM `sean_urlconfig` [ RunTime:0.003688s ]
[ sql ] [ SQL ] SELECT `aliases`,`url` FROM `sean_urlconfig` WHERE  `status` = 1 [ RunTime:0.000214s ]
[ sql ] [ SQL ] SHOW COLUMNS FROM `sean_goods` [ RunTime:0.003780s ]
[ error ] [10501]SQLSTATE[23000]: Integrity constraint violation: 1052 Column 'id' in where clause is ambiguous[D:\web\phpweb\sean\thinkphp\library\think\db\Connection.php:385]
---------------------------------------------------------------
[ 2019-11-17T19:40:13+08:00 ] 0.0.0.0 GET www.sean.com/index/shopdateil/index/id/1.shtml
[运行时间：0.060200s] [吞吐率：16.61req/s] [内存消耗：2,142.32kb] [文件加载：54]
[ info ] [ LANG ] D:\web\phpweb\sean\thinkphp\lang\zh-cn.php
[ info ] [ DB ] INIT mysql
[ info ] [ ROUTE ] array (
  'type' => 'module',
  'module' => 
  array (
    0 => 'index',
    1 => 'shopdateil',
    2 => 'index',
  ),
)
[ info ] [ HEADER ] array (
  'cookie' => 'PHPSESSID=npa2c59arh39bi590jj24hal96; usermember=admin; adminer_version=4.7.5',
  'accept-language' => 'zh-CN,zh;q=0.9,en;q=0.8,und;q=0.7',
  'accept-encoding' => 'gzip, deflate',
  'referer' => 'http://www.sean.com/index/shop/index.shtml',
  'accept' => 'text/html,application/xhtml+xml,application/xml;q=0.9,image/webp,image/apng,*/*;q=0.8,application/signed-exchange;v=b3',
  'user-agent' => 'Mozilla/5.0 (Windows NT 10.0; Win64; x64) AppleWebKit/537.36 (KHTML, like Gecko) Chrome/78.0.3904.97 Safari/537.36',
  'upgrade-insecure-requests' => '1',
  'cache-control' => 'max-age=0',
  'connection' => 'close',
  'host' => 'www.sean.com',
)
[ info ] [ PARAM ] array (
  'id' => '1',
)
[ info ] [ RUN ] app\index\controller\Shopdateil->index[ D:\web\phpweb\sean\app\index\controller\Shopdateil.php ]
[ info ] [ LOG ] INIT File
[ sql ] [ DB ] CONNECT:[ UseTime:0.000696s ] mysql:host=127.0.0.1;port=3306;dbname=sean;charset=utf8
[ sql ] [ SQL ] SHOW COLUMNS FROM `sean_urlconfig` [ RunTime:0.020712s ]
[ sql ] [ SQL ] SELECT `aliases`,`url` FROM `sean_urlconfig` WHERE  `status` = 1 [ RunTime:0.000211s ]
[ sql ] [ SQL ] SHOW COLUMNS FROM `sean_goods` [ RunTime:0.004716s ]
[ error ] [10501]SQLSTATE[23000]: Integrity constraint violation: 1052 Column 'id' in where clause is ambiguous[D:\web\phpweb\sean\thinkphp\library\think\db\Connection.php:385]
---------------------------------------------------------------
[ 2019-11-17T19:40:17+08:00 ] 0.0.0.0 GET www.sean.com/index/shopdateil/index/id/1.shtml
[运行时间：0.033000s] [吞吐率：30.30req/s] [内存消耗：2,142.32kb] [文件加载：54]
[ info ] [ LANG ] D:\web\phpweb\sean\thinkphp\lang\zh-cn.php
[ info ] [ DB ] INIT mysql
[ info ] [ ROUTE ] array (
  'type' => 'module',
  'module' => 
  array (
    0 => 'index',
    1 => 'shopdateil',
    2 => 'index',
  ),
)
[ info ] [ HEADER ] array (
  'cookie' => 'PHPSESSID=npa2c59arh39bi590jj24hal96; usermember=admin; adminer_version=4.7.5',
  'accept-language' => 'zh-CN,zh;q=0.9,en;q=0.8,und;q=0.7',
  'accept-encoding' => 'gzip, deflate',
  'referer' => 'http://www.sean.com/index/shop/index.shtml',
  'accept' => 'text/html,application/xhtml+xml,application/xml;q=0.9,image/webp,image/apng,*/*;q=0.8,application/signed-exchange;v=b3',
  'user-agent' => 'Mozilla/5.0 (Windows NT 10.0; Win64; x64) AppleWebKit/537.36 (KHTML, like Gecko) Chrome/78.0.3904.97 Safari/537.36',
  'upgrade-insecure-requests' => '1',
  'cache-control' => 'max-age=0',
  'connection' => 'close',
  'host' => 'www.sean.com',
)
[ info ] [ PARAM ] array (
  'id' => '1',
)
[ info ] [ RUN ] app\index\controller\Shopdateil->index[ D:\web\phpweb\sean\app\index\controller\Shopdateil.php ]
[ info ] [ LOG ] INIT File
[ sql ] [ DB ] CONNECT:[ UseTime:0.000797s ] mysql:host=127.0.0.1;port=3306;dbname=sean;charset=utf8
[ sql ] [ SQL ] SHOW COLUMNS FROM `sean_urlconfig` [ RunTime:0.003718s ]
[ sql ] [ SQL ] SELECT `aliases`,`url` FROM `sean_urlconfig` WHERE  `status` = 1 [ RunTime:0.000248s ]
[ sql ] [ SQL ] SHOW COLUMNS FROM `sean_goods` [ RunTime:0.003343s ]
[ error ] [10501]SQLSTATE[23000]: Integrity constraint violation: 1052 Column 'id' in where clause is ambiguous[D:\web\phpweb\sean\thinkphp\library\think\db\Connection.php:385]
---------------------------------------------------------------
[ 2019-11-17T19:40:50+08:00 ] 0.0.0.0 GET www.sean.com/index/shopdateil/index/id/1.shtml
[运行时间：0.050611s] [吞吐率：19.76req/s] [内存消耗：2,142.26kb] [文件加载：54]
[ info ] [ LANG ] D:\web\phpweb\sean\thinkphp\lang\zh-cn.php
[ info ] [ DB ] INIT mysql
[ info ] [ ROUTE ] array (
  'type' => 'module',
  'module' => 
  array (
    0 => 'index',
    1 => 'shopdateil',
    2 => 'index',
  ),
)
[ info ] [ HEADER ] array (
  'cookie' => 'PHPSESSID=npa2c59arh39bi590jj24hal96; usermember=admin; adminer_version=4.7.5',
  'accept-language' => 'zh-CN,zh;q=0.9,en;q=0.8,und;q=0.7',
  'accept-encoding' => 'gzip, deflate',
  'referer' => 'http://www.sean.com/index/shop/index.shtml',
  'accept' => 'text/html,application/xhtml+xml,application/xml;q=0.9,image/webp,image/apng,*/*;q=0.8,application/signed-exchange;v=b3',
  'user-agent' => 'Mozilla/5.0 (Windows NT 10.0; Win64; x64) AppleWebKit/537.36 (KHTML, like Gecko) Chrome/78.0.3904.97 Safari/537.36',
  'upgrade-insecure-requests' => '1',
  'connection' => 'close',
  'host' => 'www.sean.com',
)
[ info ] [ PARAM ] array (
  'id' => '1',
)
[ info ] [ RUN ] app\index\controller\Shopdateil->index[ D:\web\phpweb\sean\app\index\controller\Shopdateil.php ]
[ info ] [ LOG ] INIT File
[ sql ] [ DB ] CONNECT:[ UseTime:0.000573s ] mysql:host=127.0.0.1;port=3306;dbname=sean;charset=utf8
[ sql ] [ SQL ] SHOW COLUMNS FROM `sean_urlconfig` [ RunTime:0.022406s ]
[ sql ] [ SQL ] SELECT `aliases`,`url` FROM `sean_urlconfig` WHERE  `status` = 1 [ RunTime:0.000277s ]
[ sql ] [ SQL ] SHOW COLUMNS FROM `sean_goods` [ RunTime:0.003701s ]
[ error ] [10501]SQLSTATE[23000]: Integrity constraint violation: 1052 Column 'id' in where clause is ambiguous[D:\web\phpweb\sean\thinkphp\library\think\db\Connection.php:385]
---------------------------------------------------------------
[ 2019-11-17T19:44:43+08:00 ] 0.0.0.0 GET www.sean.com/index/shopdateil/index/id/1.shtml
[运行时间：0.107616s] [吞吐率：9.29req/s] [内存消耗：2,586.13kb] [文件加载：55]
[ info ] [ LANG ] D:\web\phpweb\sean\thinkphp\lang\zh-cn.php
[ info ] [ DB ] INIT mysql
[ info ] [ ROUTE ] array (
  'type' => 'module',
  'module' => 
  array (
    0 => 'index',
    1 => 'shopdateil',
    2 => 'index',
  ),
)
[ info ] [ HEADER ] array (
  'cookie' => 'PHPSESSID=npa2c59arh39bi590jj24hal96; usermember=admin; adminer_version=4.7.5',
  'accept-language' => 'zh-CN,zh;q=0.9,en;q=0.8,und;q=0.7',
  'accept-encoding' => 'gzip, deflate',
  'referer' => 'http://www.sean.com/index/shop/index.shtml',
  'accept' => 'text/html,application/xhtml+xml,application/xml;q=0.9,image/webp,image/apng,*/*;q=0.8,application/signed-exchange;v=b3',
  'user-agent' => 'Mozilla/5.0 (Windows NT 10.0; Win64; x64) AppleWebKit/537.36 (KHTML, like Gecko) Chrome/78.0.3904.97 Safari/537.36',
  'upgrade-insecure-requests' => '1',
  'cache-control' => 'max-age=0',
  'connection' => 'close',
  'host' => 'www.sean.com',
)
[ info ] [ PARAM ] array (
  'id' => '1',
)
[ info ] [ RUN ] app\index\controller\Shopdateil->index[ D:\web\phpweb\sean\app\index\controller\Shopdateil.php ]
[ info ] [ VIEW ] D:\web\phpweb\sean\public/../app/index\view\shopdateil\shopdateil.html [ array (
  0 => 'goodsCate',
  1 => 'controller',
  2 => 'goodsVice',
  3 => 'goods',
  4 => 'goods_content',
  5 => 'goods_atlas',
  6 => 'goods_attr',
) ]
[ info ] [ LOG ] INIT File
[ sql ] [ DB ] CONNECT:[ UseTime:0.010524s ] mysql:host=127.0.0.1;port=3306;dbname=sean;charset=utf8
[ sql ] [ SQL ] SHOW COLUMNS FROM `sean_urlconfig` [ RunTime:0.024164s ]
[ sql ] [ SQL ] SELECT `aliases`,`url` FROM `sean_urlconfig` WHERE  `status` = 1 [ RunTime:0.000252s ]
[ sql ] [ SQL ] SHOW COLUMNS FROM `sean_goods` [ RunTime:0.004066s ]
[ sql ] [ SQL ] SELECT * FROM `sean_goods` WHERE  `id` = 1 LIMIT 1 [ RunTime:0.000377s ]
[ sql ] [ SQL ] SHOW COLUMNS FROM `sean_goods_content` [ RunTime:0.003517s ]
[ sql ] [ SQL ] SELECT * FROM `sean_goods_content` WHERE  `goods_id` = 1 [ RunTime:0.000253s ]
[ sql ] [ SQL ] SHOW COLUMNS FROM `sean_goods_atlas` [ RunTime:0.011202s ]
[ sql ] [ SQL ] SELECT * FROM `sean_goods_atlas` WHERE  `goods_id` = 1 [ RunTime:0.000237s ]
[ sql ] [ SQL ] SHOW COLUMNS FROM `sean_goods_attr` [ RunTime:0.003323s ]
[ sql ] [ SQL ] SELECT * FROM `sean_goods_attr` WHERE  `goods_id` = 1 [ RunTime:0.000197s ]
[ sql ] [ SQL ] SHOW COLUMNS FROM `sean_goods_cate` [ RunTime:0.003023s ]
[ sql ] [ SQL ] SELECT * FROM `sean_goods_cate` [ RunTime:0.000225s ]
[ sql ] [ SQL ] SELECT * FROM `sean_goods` LIMIT 3 [ RunTime:0.000235s ]
---------------------------------------------------------------
[ 2019-11-17T19:44:43+08:00 ] 0.0.0.0 GET www.sean.com/uploads/admin/goods_thumb/20191111/a510a179bbec4551a502528744881458.jpg
[运行时间：0.028124s] [吞吐率：35.56req/s] [内存消耗：1,854.93kb] [文件加载：43]
[ info ] [ LANG ] D:\web\phpweb\sean\thinkphp\lang\zh-cn.php
[ info ] [ DB ] INIT mysql
[ info ] [ ROUTE ] array (
  'type' => 'module',
  'module' => 
  array (
    0 => 'uploads',
    1 => 'admin',
    2 => 'goods_thumb',
  ),
)
[ info ] [ HEADER ] array (
  'cookie' => 'PHPSESSID=npa2c59arh39bi590jj24hal96; usermember=admin; adminer_version=4.7.5',
  'accept-language' => 'zh-CN,zh;q=0.9,en;q=0.8,und;q=0.7',
  'accept-encoding' => 'gzip, deflate',
  'referer' => 'http://www.sean.com/index/shopdateil/index/id/1.shtml',
  'accept' => 'image/webp,image/apng,image/*,*/*;q=0.8',
  'user-agent' => 'Mozilla/5.0 (Windows NT 10.0; Win64; x64) AppleWebKit/537.36 (KHTML, like Gecko) Chrome/78.0.3904.97 Safari/537.36',
  'connection' => 'close',
  'host' => 'www.sean.com',
)
[ info ] [ PARAM ] array (
  0 => 'a510a179bbec4551a502528744881458.jpg',
)
[ info ] [ LOG ] INIT File
[ sql ] [ DB ] CONNECT:[ UseTime:0.000601s ] mysql:host=127.0.0.1;port=3306;dbname=sean;charset=utf8
[ sql ] [ SQL ] SHOW COLUMNS FROM `sean_urlconfig` [ RunTime:0.005372s ]
[ sql ] [ SQL ] SELECT `aliases`,`url` FROM `sean_urlconfig` WHERE  `status` = 1 [ RunTime:0.000209s ]
---------------------------------------------------------------
[ 2019-11-17T19:45:05+08:00 ] 0.0.0.0 GET www.sean.com/admin/goodscate/index.shtml
[运行时间：0.093547s] [吞吐率：10.69req/s] [内存消耗：2,431.81kb] [文件加载：54]
[ info ] [ LANG ] D:\web\phpweb\sean\thinkphp\lang\zh-cn.php
[ info ] [ DB ] INIT mysql
[ info ] [ ROUTE ] array (
  'type' => 'module',
  'module' => 
  array (
    0 => 'admin',
    1 => 'goodscate',
    2 => 'index',
  ),
)
[ info ] [ HEADER ] array (
  'cookie' => 'PHPSESSID=npa2c59arh39bi590jj24hal96; usermember=admin; adminer_version=4.7.5',
  'accept-language' => 'zh-CN,zh;q=0.9,en;q=0.8,und;q=0.7',
  'accept-encoding' => 'gzip, deflate',
  'referer' => 'http://www.sean.com/admin/index/index.shtml',
  'accept' => 'text/html,application/xhtml+xml,application/xml;q=0.9,image/webp,image/apng,*/*;q=0.8,application/signed-exchange;v=b3',
  'user-agent' => 'Mozilla/5.0 (Windows NT 10.0; Win64; x64) AppleWebKit/537.36 (KHTML, like Gecko) Chrome/78.0.3904.97 Safari/537.36',
  'upgrade-insecure-requests' => '1',
  'connection' => 'close',
  'host' => 'www.sean.com',
)
[ info ] [ PARAM ] array (
)
[ info ] [ SESSION ] INIT array (
  'id' => '',
  'var_session_id' => '',
  'prefix' => 'think',
  'type' => '',
  'auto_start' => true,
)
[ info ] [ RUN ] app\admin\controller\Goodscate->index[ D:\web\phpweb\sean\app\admin\controller\Goodscate.php ]
[ info ] [ VIEW ] D:\web\phpweb\sean\public/../app/admin\view\goodscate\index.html [ array (
  0 => 'cates',
) ]
[ info ] [ LOG ] INIT File
[ sql ] [ DB ] CONNECT:[ UseTime:0.000596s ] mysql:host=127.0.0.1;port=3306;dbname=sean;charset=utf8
[ sql ] [ SQL ] SHOW COLUMNS FROM `sean_urlconfig` [ RunTime:0.037760s ]
[ sql ] [ SQL ] SELECT `aliases`,`url` FROM `sean_urlconfig` WHERE  `status` = 1 [ RunTime:0.000230s ]
[ sql ] [ SQL ] SHOW COLUMNS FROM `sean_webconfig` [ RunTime:0.004936s ]
[ sql ] [ SQL ] SELECT `black_ip` FROM `sean_webconfig` WHERE  `web` = 'web' LIMIT 1 [ RunTime:0.000300s ]
[ sql ] [ SQL ] SHOW COLUMNS FROM `sean_admin_cate` [ RunTime:0.005521s ]
[ sql ] [ SQL ] SELECT `permissions` FROM `sean_admin_cate` WHERE  `id` = 1 LIMIT 1 [ RunTime:0.000326s ]
[ sql ] [ SQL ] SHOW COLUMNS FROM `sean_admin_menu` [ RunTime:0.004758s ]
[ sql ] [ SQL ] SELECT * FROM `sean_admin_menu` WHERE  `module` = 'admin'  AND `controller` = 'Goodscate'  AND `function` = 'index'  AND `type` = 1  AND `parameter` = 'goodscate=' LIMIT 1 [ RunTime:0.000886s ]
[ sql ] [ SQL ] SELECT * FROM `sean_admin_menu` WHERE  `module` = 'admin'  AND `controller` = 'Goodscate'  AND `function` = 'index'  AND `type` = 1 LIMIT 1 [ RunTime:0.000382s ]
[ sql ] [ SQL ] SHOW COLUMNS FROM `sean_goods_cate` [ RunTime:0.003875s ]
[ sql ] [ SQL ] SELECT * FROM `sean_goods_cate` [ RunTime:0.000264s ]
---------------------------------------------------------------
[ 2019-11-17T19:45:08+08:00 ] 0.0.0.0 GET www.sean.com/admin/goods/index.shtml
[运行时间：0.084849s] [吞吐率：11.79req/s] [内存消耗：2,317.33kb] [文件加载：56]
[ info ] [ LANG ] D:\web\phpweb\sean\thinkphp\lang\zh-cn.php
[ info ] [ DB ] INIT mysql
[ info ] [ ROUTE ] array (
  'type' => 'module',
  'module' => 
  array (
    0 => 'admin',
    1 => 'goods',
    2 => 'index',
  ),
)
[ info ] [ HEADER ] array (
  'cookie' => 'PHPSESSID=npa2c59arh39bi590jj24hal96; usermember=admin; adminer_version=4.7.5',
  'accept-language' => 'zh-CN,zh;q=0.9,en;q=0.8,und;q=0.7',
  'accept-encoding' => 'gzip, deflate',
  'referer' => 'http://www.sean.com/admin/index/index.shtml',
  'accept' => 'text/html,application/xhtml+xml,application/xml;q=0.9,image/webp,image/apng,*/*;q=0.8,application/signed-exchange;v=b3',
  'user-agent' => 'Mozilla/5.0 (Windows NT 10.0; Win64; x64) AppleWebKit/537.36 (KHTML, like Gecko) Chrome/78.0.3904.97 Safari/537.36',
  'upgrade-insecure-requests' => '1',
  'connection' => 'close',
  'host' => 'www.sean.com',
)
[ info ] [ PARAM ] array (
)
[ info ] [ SESSION ] INIT array (
  'id' => '',
  'var_session_id' => '',
  'prefix' => 'think',
  'type' => '',
  'auto_start' => true,
)
[ info ] [ RUN ] app\admin\controller\goods->index[ D:\web\phpweb\sean\app\admin\controller\Goods.php ]
[ info ] [ VIEW ] D:\web\phpweb\sean\public/../app/admin\view\goods\index.html [ array (
  0 => 'goods',
) ]
[ info ] [ LOG ] INIT File
[ sql ] [ DB ] CONNECT:[ UseTime:0.000561s ] mysql:host=127.0.0.1;port=3306;dbname=sean;charset=utf8
[ sql ] [ SQL ] SHOW COLUMNS FROM `sean_urlconfig` [ RunTime:0.032925s ]
[ sql ] [ SQL ] SELECT `aliases`,`url` FROM `sean_urlconfig` WHERE  `status` = 1 [ RunTime:0.000213s ]
[ sql ] [ SQL ] SHOW COLUMNS FROM `sean_webconfig` [ RunTime:0.003215s ]
[ sql ] [ SQL ] SELECT `black_ip` FROM `sean_webconfig` WHERE  `web` = 'web' LIMIT 1 [ RunTime:0.000286s ]
[ sql ] [ SQL ] SHOW COLUMNS FROM `sean_admin_cate` [ RunTime:0.004059s ]
[ sql ] [ SQL ] SELECT `permissions` FROM `sean_admin_cate` WHERE  `id` = 1 LIMIT 1 [ RunTime:0.000209s ]
[ sql ] [ SQL ] SHOW COLUMNS FROM `sean_admin_menu` [ RunTime:0.003237s ]
[ sql ] [ SQL ] SELECT * FROM `sean_admin_menu` WHERE  `module` = 'admin'  AND `controller` = 'Goods'  AND `function` = 'index'  AND `type` = 1  AND `parameter` = 'goods=' LIMIT 1 [ RunTime:0.000359s ]
[ sql ] [ SQL ] SELECT * FROM `sean_admin_menu` WHERE  `module` = 'admin'  AND `controller` = 'Goods'  AND `function` = 'index'  AND `type` = 1 LIMIT 1 [ RunTime:0.000291s ]
[ sql ] [ SQL ] SHOW COLUMNS FROM `sean_goods` [ RunTime:0.003666s ]
[ sql ] [ SQL ] SELECT COUNT(*) AS tp_count FROM `sean_goods` `a` LEFT JOIN `sean_goods_cate` `b` ON `a`.`goods_cate_id`=`b`.`id` LEFT JOIN `sean_goods_content` `c` ON `a`.`id`=`c`.`goods_id` LIMIT 1 [ RunTime:0.000583s ]
[ sql ] [ SQL ] SELECT `a`.*,`b`.`name`,`c`.* FROM `sean_goods` `a` LEFT JOIN `sean_goods_cate` `b` ON `a`.`goods_cate_id`=`b`.`id` LEFT JOIN `sean_goods_content` `c` ON `a`.`id`=`c`.`goods_id` LIMIT 0,15 [ RunTime:0.000327s ]
---------------------------------------------------------------
[ 2019-11-17T19:45:11+08:00 ] 0.0.0.0 GET www.sean.com/admin/goods/edit/id/1.shtml
[运行时间：0.091734s] [吞吐率：10.90req/s] [内存消耗：2,660.14kb] [文件加载：56]
[ info ] [ LANG ] D:\web\phpweb\sean\thinkphp\lang\zh-cn.php
[ info ] [ DB ] INIT mysql
[ info ] [ ROUTE ] array (
  'type' => 'module',
  'module' => 
  array (
    0 => 'admin',
    1 => 'goods',
    2 => 'edit',
  ),
)
[ info ] [ HEADER ] array (
  'cookie' => 'PHPSESSID=npa2c59arh39bi590jj24hal96; usermember=admin; adminer_version=4.7.5',
  'accept-language' => 'zh-CN,zh;q=0.9,en;q=0.8,und;q=0.7',
  'accept-encoding' => 'gzip, deflate',
  'referer' => 'http://www.sean.com/admin/goods/index.shtml',
  'accept' => 'text/html,application/xhtml+xml,application/xml;q=0.9,image/webp,image/apng,*/*;q=0.8,application/signed-exchange;v=b3',
  'user-agent' => 'Mozilla/5.0 (Windows NT 10.0; Win64; x64) AppleWebKit/537.36 (KHTML, like Gecko) Chrome/78.0.3904.97 Safari/537.36',
  'upgrade-insecure-requests' => '1',
  'connection' => 'close',
  'host' => 'www.sean.com',
)
[ info ] [ PARAM ] array (
  'id' => '1',
)
[ info ] [ SESSION ] INIT array (
  'id' => '',
  'var_session_id' => '',
  'prefix' => 'think',
  'type' => '',
  'auto_start' => true,
)
[ info ] [ RUN ] app\admin\controller\goods->edit[ D:\web\phpweb\sean\app\admin\controller\Goods.php ]
[ info ] [ VIEW ] D:\web\phpweb\sean\public/../app/admin\view\goods\edit.html [ array (
  0 => 'goods',
  1 => 'goods_content',
  2 => 'goods_atlas',
  3 => 'goods_attr',
  4 => 'cates',
) ]
[ info ] [ LOG ] INIT File
[ sql ] [ DB ] CONNECT:[ UseTime:0.000590s ] mysql:host=127.0.0.1;port=3306;dbname=sean;charset=utf8
[ sql ] [ SQL ] SHOW COLUMNS FROM `sean_urlconfig` [ RunTime:0.024345s ]
[ sql ] [ SQL ] SELECT `aliases`,`url` FROM `sean_urlconfig` WHERE  `status` = 1 [ RunTime:0.000195s ]
[ sql ] [ SQL ] SHOW COLUMNS FROM `sean_webconfig` [ RunTime:0.003235s ]
[ sql ] [ SQL ] SELECT `black_ip` FROM `sean_webconfig` WHERE  `web` = 'web' LIMIT 1 [ RunTime:0.000190s ]
[ sql ] [ SQL ] SHOW COLUMNS FROM `sean_admin_cate` [ RunTime:0.003370s ]
[ sql ] [ SQL ] SELECT `permissions` FROM `sean_admin_cate` WHERE  `id` = 1 LIMIT 1 [ RunTime:0.000204s ]
[ sql ] [ SQL ] SHOW COLUMNS FROM `sean_admin_menu` [ RunTime:0.003177s ]
[ sql ] [ SQL ] SELECT * FROM `sean_admin_menu` WHERE  `module` = 'admin'  AND `controller` = 'Goods'  AND `function` = 'edit'  AND `type` = 1  AND `parameter` = 'goods=id&1=' LIMIT 1 [ RunTime:0.000329s ]
[ sql ] [ SQL ] SELECT * FROM `sean_admin_menu` WHERE  `module` = 'admin'  AND `controller` = 'Goods'  AND `function` = 'edit'  AND `type` = 1 LIMIT 1 [ RunTime:0.000267s ]
[ sql ] [ SQL ] SHOW COLUMNS FROM `sean_goods_cate` [ RunTime:0.003142s ]
[ sql ] [ SQL ] SELECT * FROM `sean_goods_cate` [ RunTime:0.000190s ]
[ sql ] [ SQL ] SHOW COLUMNS FROM `sean_goods` [ RunTime:0.003032s ]
[ sql ] [ SQL ] SELECT * FROM `sean_goods` WHERE  `id` = 1 LIMIT 1 [ RunTime:0.000215s ]
[ sql ] [ SQL ] SHOW COLUMNS FROM `sean_goods_content` [ RunTime:0.011171s ]
[ sql ] [ SQL ] SELECT * FROM `sean_goods_content` WHERE  `goods_id` = 1 [ RunTime:0.000243s ]
[ sql ] [ SQL ] SHOW COLUMNS FROM `sean_goods_atlas` [ RunTime:0.002956s ]
[ sql ] [ SQL ] SELECT * FROM `sean_goods_atlas` WHERE  `goods_id` = 1 [ RunTime:0.000186s ]
[ sql ] [ SQL ] SHOW COLUMNS FROM `sean_goods_attr` [ RunTime:0.003455s ]
[ sql ] [ SQL ] SELECT * FROM `sean_goods_attr` WHERE  `goods_id` = 1 [ RunTime:0.000197s ]
---------------------------------------------------------------
[ 2019-11-17T19:45:11+08:00 ] 0.0.0.0 GET www.sean.com/uploads/admin/goods_thumb/20191111/a510a179bbec4551a502528744881458.jpg
[运行时间：0.032677s] [吞吐率：30.60req/s] [内存消耗：1,854.91kb] [文件加载：43]
[ info ] [ LANG ] D:\web\phpweb\sean\thinkphp\lang\zh-cn.php
[ info ] [ DB ] INIT mysql
[ info ] [ ROUTE ] array (
  'type' => 'module',
  'module' => 
  array (
    0 => 'uploads',
    1 => 'admin',
    2 => 'goods_thumb',
  ),
)
[ info ] [ HEADER ] array (
  'cookie' => 'PHPSESSID=npa2c59arh39bi590jj24hal96; usermember=admin; adminer_version=4.7.5',
  'accept-language' => 'zh-CN,zh;q=0.9,en;q=0.8,und;q=0.7',
  'accept-encoding' => 'gzip, deflate',
  'referer' => 'http://www.sean.com/admin/goods/edit/id/1.shtml',
  'accept' => 'image/webp,image/apng,image/*,*/*;q=0.8',
  'user-agent' => 'Mozilla/5.0 (Windows NT 10.0; Win64; x64) AppleWebKit/537.36 (KHTML, like Gecko) Chrome/78.0.3904.97 Safari/537.36',
  'connection' => 'close',
  'host' => 'www.sean.com',
)
[ info ] [ PARAM ] array (
  0 => 'a510a179bbec4551a502528744881458.jpg',
)
[ info ] [ LOG ] INIT File
[ sql ] [ DB ] CONNECT:[ UseTime:0.002326s ] mysql:host=127.0.0.1;port=3306;dbname=sean;charset=utf8
[ sql ] [ SQL ] SHOW COLUMNS FROM `sean_urlconfig` [ RunTime:0.005501s ]
[ sql ] [ SQL ] SELECT `aliases`,`url` FROM `sean_urlconfig` WHERE  `status` = 1 [ RunTime:0.000296s ]
---------------------------------------------------------------
[ 2019-11-17T19:45:11+08:00 ] 0.0.0.0 GET www.sean.com/uploads/admin/goods_thumb/20191111/a510a179bbec4551a502528744881458.jpg
[运行时间：0.031191s] [吞吐率：32.06req/s] [内存消耗：1,854.91kb] [文件加载：43]
[ info ] [ LANG ] D:\web\phpweb\sean\thinkphp\lang\zh-cn.php
[ info ] [ DB ] INIT mysql
[ info ] [ ROUTE ] array (
  'type' => 'module',
  'module' => 
  array (
    0 => 'uploads',
    1 => 'admin',
    2 => 'goods_thumb',
  ),
)
[ info ] [ HEADER ] array (
  'cookie' => 'PHPSESSID=npa2c59arh39bi590jj24hal96; usermember=admin; adminer_version=4.7.5',
  'accept-language' => 'zh-CN,zh;q=0.9,en;q=0.8,und;q=0.7',
  'accept-encoding' => 'gzip, deflate',
  'referer' => 'http://www.sean.com/admin/goods/edit/id/1.shtml',
  'accept' => 'image/webp,image/apng,image/*,*/*;q=0.8',
  'user-agent' => 'Mozilla/5.0 (Windows NT 10.0; Win64; x64) AppleWebKit/537.36 (KHTML, like Gecko) Chrome/78.0.3904.97 Safari/537.36',
  'connection' => 'close',
  'host' => 'www.sean.com',
)
[ info ] [ PARAM ] array (
  0 => 'a510a179bbec4551a502528744881458.jpg',
)
[ info ] [ LOG ] INIT File
[ sql ] [ DB ] CONNECT:[ UseTime:0.000707s ] mysql:host=127.0.0.1;port=3306;dbname=sean;charset=utf8
[ sql ] [ SQL ] SHOW COLUMNS FROM `sean_urlconfig` [ RunTime:0.004997s ]
[ sql ] [ SQL ] SELECT `aliases`,`url` FROM `sean_urlconfig` WHERE  `status` = 1 [ RunTime:0.000365s ]
---------------------------------------------------------------
[ 2019-11-17T19:45:17+08:00 ] 0.0.0.0 POST www.sean.com/admin/goods/edit.shtml
[运行时间：0.110243s] [吞吐率：9.07req/s] [内存消耗：2,430.41kb] [文件加载：56]
[ info ] [ LANG ] D:\web\phpweb\sean\thinkphp\lang\zh-cn.php
[ info ] [ DB ] INIT mysql
[ info ] [ ROUTE ] array (
  'type' => 'module',
  'module' => 
  array (
    0 => 'admin',
    1 => 'goods',
    2 => 'edit',
  ),
)
[ info ] [ HEADER ] array (
  'cookie' => 'PHPSESSID=npa2c59arh39bi590jj24hal96; usermember=admin; adminer_version=4.7.5',
  'accept-language' => 'zh-CN,zh;q=0.9,en;q=0.8,und;q=0.7',
  'accept-encoding' => 'gzip, deflate',
  'referer' => 'http://www.sean.com/admin/goods/edit/id/1.shtml',
  'content-type' => 'application/x-www-form-urlencoded; charset=UTF-8',
  'user-agent' => 'Mozilla/5.0 (Windows NT 10.0; Win64; x64) AppleWebKit/537.36 (KHTML, like Gecko) Chrome/78.0.3904.97 Safari/537.36',
  'x-requested-with' => 'XMLHttpRequest',
  'origin' => 'http://www.sean.com',
  'accept' => 'application/json, text/javascript, */*; q=0.01',
  'content-length' => '1078',
  'connection' => 'close',
  'host' => 'www.sean.com',
)
[ info ] [ PARAM ] array (
  'goods_cate_id' => '14',
  'goods_name' => '苹果',
  'goods_title' => '苹果',
  'goods_keyword' => '苹果',
  'goods_contents' => '<p>手机手机手机手机手机手机手机手机苹果手机苹果手机苹果手机苹果手机苹果手机苹果手机苹果手机苹果手机苹果手机苹果手机</p>',
  'goods_price' => '8998',
  'goods_vip' => '8715',
  'goods_inventory' => '22',
  'goods_unit' => '个',
  'goods_number' => '2147483647',
  'goods_putaway' => '1',
  'goods_recommend' => '1',
  'file' => '',
  'goods_thumb' => '\\uploads\\admin\\admin_thumb\\20191111\\42cf04b17d60e845b2e10584918bbc59.jpg',
  'pc_src' => 
  array (
    0 => '/20191111/a510a179bbec4551a502528744881458.jpg',
    1 => '/20191111/a510a179bbec4551a502528744881458.jpg',
  ),
  'attr_name' => 
  array (
    0 => '阿斯顿',
  ),
  'attr_value' => 
  array (
    0 => '2',
  ),
  'id' => '1',
)
[ info ] [ SESSION ] INIT array (
  'id' => '',
  'var_session_id' => '',
  'prefix' => 'think',
  'type' => '',
  'auto_start' => true,
)
[ info ] [ RUN ] app\admin\controller\goods->edit[ D:\web\phpweb\sean\app\admin\controller\Goods.php ]
[ info ] [ CACHE ] INIT File
[ info ] [ LOG ] INIT File
[ sql ] [ DB ] CONNECT:[ UseTime:0.000616s ] mysql:host=127.0.0.1;port=3306;dbname=sean;charset=utf8
[ sql ] [ SQL ] SHOW COLUMNS FROM `sean_urlconfig` [ RunTime:0.023914s ]
[ sql ] [ SQL ] SELECT `aliases`,`url` FROM `sean_urlconfig` WHERE  `status` = 1 [ RunTime:0.000196s ]
[ sql ] [ SQL ] SHOW COLUMNS FROM `sean_webconfig` [ RunTime:0.003325s ]
[ sql ] [ SQL ] SELECT `black_ip` FROM `sean_webconfig` WHERE  `web` = 'web' LIMIT 1 [ RunTime:0.000190s ]
[ sql ] [ SQL ] SHOW COLUMNS FROM `sean_admin_cate` [ RunTime:0.003883s ]
[ sql ] [ SQL ] SELECT `permissions` FROM `sean_admin_cate` WHERE  `id` = 1 LIMIT 1 [ RunTime:0.000204s ]
[ sql ] [ SQL ] SHOW COLUMNS FROM `sean_admin_menu` [ RunTime:0.011145s ]
[ sql ] [ SQL ] SELECT * FROM `sean_admin_menu` WHERE  `module` = 'admin'  AND `controller` = 'Goods'  AND `function` = 'edit'  AND `type` = 1  AND `parameter` = 'goods=' LIMIT 1 [ RunTime:0.000335s ]
[ sql ] [ SQL ] SELECT * FROM `sean_admin_menu` WHERE  `module` = 'admin'  AND `controller` = 'Goods'  AND `function` = 'edit'  AND `type` = 1 LIMIT 1 [ RunTime:0.000297s ]
[ sql ] [ SQL ] SHOW COLUMNS FROM `sean_goods` [ RunTime:0.003489s ]
[ sql ] [ SQL ] SELECT `id` FROM `sean_goods` WHERE  `id` = 1 LIMIT 1 [ RunTime:0.000209s ]
[ sql ] [ SQL ] UPDATE `sean_goods`  SET `goods_cate_id`=14,`goods_name`='苹果',`goods_title`='苹果',`goods_keyword`='苹果',`goods_price`=8998,`goods_number`=2147483647,`goods_vip`=8715,`goods_thumb`='\\uploads\\admin\\admin_thumb\\20191111\\42cf04b17d60e845b2e10584918bbc59.jpg'  WHERE  `id` = 1 [ RunTime:0.000626s ]
[ sql ] [ SQL ] SHOW COLUMNS FROM `sean_goods_content` [ RunTime:0.003367s ]
[ sql ] [ SQL ] UPDATE `sean_goods_content`  SET `goods_id`=1,`goods_contents`='<p>手机手机手机手机手机手机手机手机苹果手机苹果手机苹果手机苹果手机苹果手机苹果手机苹果手机苹果手机苹果手机苹果手机</p>',`goods_inventory`=22,`goods_unit`='个',`goods_putaway`=1,`goods_recommend`=1,`goods_update_time`=1573991117  WHERE  `id` = 1 [ RunTime:0.000523s ]
[ sql ] [ SQL ] SHOW COLUMNS FROM `sean_goods_atlas` [ RunTime:0.004004s ]
[ sql ] [ SQL ] UPDATE `sean_goods_atlas`  SET `goods_id`=1,`goods_atlas_id`=0,`goods_atlas_url`='/20191111/a510a179bbec4551a502528744881458.jpg'  WHERE  `id` = 1 [ RunTime:0.000290s ]
[ sql ] [ SQL ] UPDATE `sean_goods_atlas`  SET `goods_id`=1,`goods_atlas_id`=1,`goods_atlas_url`='/20191111/a510a179bbec4551a502528744881458.jpg'  WHERE  `id` = 1 [ RunTime:0.000163s ]
[ sql ] [ SQL ] SHOW COLUMNS FROM `sean_goods_attr` [ RunTime:0.003351s ]
[ sql ] [ SQL ] UPDATE `sean_goods_attr`  SET `goods_id`=1,`attr_name`='阿斯顿',`attr_value`='2'  WHERE  `id` = 1 [ RunTime:0.000216s ]
[ sql ] [ SQL ] SELECT * FROM `sean_webconfig` WHERE  `web` = 'web' LIMIT 1 [ RunTime:0.000197s ]
[ sql ] [ SQL ] SELECT `id` FROM `sean_admin_menu` WHERE  `module` = 'admin'  AND `controller` = 'Goods'  AND `function` = 'edit'  AND `parameter` = 'goods=' LIMIT 1 [ RunTime:0.000221s ]
[ sql ] [ SQL ] SELECT `id` FROM `sean_admin_menu` WHERE  `module` = 'admin'  AND `controller` = 'Goods'  AND `function` = 'edit' LIMIT 1 [ RunTime:0.000194s ]
[ sql ] [ SQL ] SHOW COLUMNS FROM `sean_admin_log` [ RunTime:0.004507s ]
[ sql ] [ SQL ] INSERT INTO `sean_admin_log` (`operation_id` , `admin_id` , `ip` , `create_time` , `admin_menu_id`) VALUES ('1' , 1 , '0.0.0.0' , 1573991117 , 59) [ RunTime:0.000917s ]
---------------------------------------------------------------
[ 2019-11-17T19:45:20+08:00 ] 0.0.0.0 GET www.sean.com/index/shopdateil/index/id/1.shtml
[运行时间：0.066088s] [吞吐率：15.13req/s] [内存消耗：2,440.12kb] [文件加载：53]
[ info ] [ LANG ] D:\web\phpweb\sean\thinkphp\lang\zh-cn.php
[ info ] [ DB ] INIT mysql
[ info ] [ ROUTE ] array (
  'type' => 'module',
  'module' => 
  array (
    0 => 'index',
    1 => 'shopdateil',
    2 => 'index',
  ),
)
[ info ] [ HEADER ] array (
  'cookie' => 'PHPSESSID=npa2c59arh39bi590jj24hal96; usermember=admin; adminer_version=4.7.5',
  'accept-language' => 'zh-CN,zh;q=0.9,en;q=0.8,und;q=0.7',
  'accept-encoding' => 'gzip, deflate',
  'referer' => 'http://www.sean.com/index/shop/index.shtml',
  'accept' => 'text/html,application/xhtml+xml,application/xml;q=0.9,image/webp,image/apng,*/*;q=0.8,application/signed-exchange;v=b3',
  'user-agent' => 'Mozilla/5.0 (Windows NT 10.0; Win64; x64) AppleWebKit/537.36 (KHTML, like Gecko) Chrome/78.0.3904.97 Safari/537.36',
  'upgrade-insecure-requests' => '1',
  'cache-control' => 'max-age=0',
  'connection' => 'close',
  'host' => 'www.sean.com',
)
[ info ] [ PARAM ] array (
  'id' => '1',
)
[ info ] [ RUN ] app\index\controller\Shopdateil->index[ D:\web\phpweb\sean\app\index\controller\Shopdateil.php ]
[ info ] [ VIEW ] D:\web\phpweb\sean\public/../app/index\view\shopdateil\shopdateil.html [ array (
  0 => 'goodsCate',
  1 => 'controller',
  2 => 'goodsVice',
  3 => 'goods',
  4 => 'goods_content',
  5 => 'goods_atlas',
  6 => 'goods_attr',
) ]
[ info ] [ LOG ] INIT File
[ sql ] [ DB ] CONNECT:[ UseTime:0.000524s ] mysql:host=127.0.0.1;port=3306;dbname=sean;charset=utf8
[ sql ] [ SQL ] SHOW COLUMNS FROM `sean_urlconfig` [ RunTime:0.006341s ]
[ sql ] [ SQL ] SELECT `aliases`,`url` FROM `sean_urlconfig` WHERE  `status` = 1 [ RunTime:0.000332s ]
[ sql ] [ SQL ] SHOW COLUMNS FROM `sean_goods` [ RunTime:0.003491s ]
[ sql ] [ SQL ] SELECT * FROM `sean_goods` WHERE  `id` = 1 LIMIT 1 [ RunTime:0.000252s ]
[ sql ] [ SQL ] SHOW COLUMNS FROM `sean_goods_content` [ RunTime:0.003020s ]
[ sql ] [ SQL ] SELECT * FROM `sean_goods_content` WHERE  `goods_id` = 1 [ RunTime:0.000237s ]
[ sql ] [ SQL ] SHOW COLUMNS FROM `sean_goods_atlas` [ RunTime:0.003064s ]
[ sql ] [ SQL ] SELECT * FROM `sean_goods_atlas` WHERE  `goods_id` = 1 [ RunTime:0.000191s ]
[ sql ] [ SQL ] SHOW COLUMNS FROM `sean_goods_attr` [ RunTime:0.003652s ]
[ sql ] [ SQL ] SELECT * FROM `sean_goods_attr` WHERE  `goods_id` = 1 [ RunTime:0.000335s ]
[ sql ] [ SQL ] SHOW COLUMNS FROM `sean_goods_cate` [ RunTime:0.003625s ]
[ sql ] [ SQL ] SELECT * FROM `sean_goods_cate` [ RunTime:0.000229s ]
[ sql ] [ SQL ] SELECT * FROM `sean_goods` LIMIT 3 [ RunTime:0.000188s ]
---------------------------------------------------------------
[ 2019-11-17T19:45:20+08:00 ] 0.0.0.0 GET www.sean.com/uploads/admin/goods_thumb/20191111/a510a179bbec4551a502528744881458.jpg
[运行时间：0.053676s] [吞吐率：18.63req/s] [内存消耗：1,854.93kb] [文件加载：43]
[ info ] [ LANG ] D:\web\phpweb\sean\thinkphp\lang\zh-cn.php
[ info ] [ DB ] INIT mysql
[ info ] [ ROUTE ] array (
  'type' => 'module',
  'module' => 
  array (
    0 => 'uploads',
    1 => 'admin',
    2 => 'goods_thumb',
  ),
)
[ info ] [ HEADER ] array (
  'cookie' => 'PHPSESSID=npa2c59arh39bi590jj24hal96; usermember=admin; adminer_version=4.7.5',
  'accept-language' => 'zh-CN,zh;q=0.9,en;q=0.8,und;q=0.7',
  'accept-encoding' => 'gzip, deflate',
  'referer' => 'http://www.sean.com/index/shopdateil/index/id/1.shtml',
  'accept' => 'image/webp,image/apng,image/*,*/*;q=0.8',
  'user-agent' => 'Mozilla/5.0 (Windows NT 10.0; Win64; x64) AppleWebKit/537.36 (KHTML, like Gecko) Chrome/78.0.3904.97 Safari/537.36',
  'connection' => 'close',
  'host' => 'www.sean.com',
)
[ info ] [ PARAM ] array (
  0 => 'a510a179bbec4551a502528744881458.jpg',
)
[ info ] [ LOG ] INIT File
[ sql ] [ DB ] CONNECT:[ UseTime:0.000705s ] mysql:host=127.0.0.1;port=3306;dbname=sean;charset=utf8
[ sql ] [ SQL ] SHOW COLUMNS FROM `sean_urlconfig` [ RunTime:0.026843s ]
[ sql ] [ SQL ] SELECT `aliases`,`url` FROM `sean_urlconfig` WHERE  `status` = 1 [ RunTime:0.000434s ]
---------------------------------------------------------------
[ 2019-11-17T19:45:20+08:00 ] 0.0.0.0 GET www.sean.com/uploads/admin/goods_thumb/20191111/a510a179bbec4551a502528744881458.jpg
[运行时间：0.028228s] [吞吐率：35.43req/s] [内存消耗：1,854.93kb] [文件加载：43]
[ info ] [ LANG ] D:\web\phpweb\sean\thinkphp\lang\zh-cn.php
[ info ] [ DB ] INIT mysql
[ info ] [ ROUTE ] array (
  'type' => 'module',
  'module' => 
  array (
    0 => 'uploads',
    1 => 'admin',
    2 => 'goods_thumb',
  ),
)
[ info ] [ HEADER ] array (
  'cookie' => 'PHPSESSID=npa2c59arh39bi590jj24hal96; usermember=admin; adminer_version=4.7.5',
  'accept-language' => 'zh-CN,zh;q=0.9,en;q=0.8,und;q=0.7',
  'accept-encoding' => 'gzip, deflate',
  'referer' => 'http://www.sean.com/index/shopdateil/index/id/1.shtml',
  'accept' => 'image/webp,image/apng,image/*,*/*;q=0.8',
  'user-agent' => 'Mozilla/5.0 (Windows NT 10.0; Win64; x64) AppleWebKit/537.36 (KHTML, like Gecko) Chrome/78.0.3904.97 Safari/537.36',
  'connection' => 'close',
  'host' => 'www.sean.com',
)
[ info ] [ PARAM ] array (
  0 => 'a510a179bbec4551a502528744881458.jpg',
)
[ info ] [ LOG ] INIT File
[ sql ] [ DB ] CONNECT:[ UseTime:0.002108s ] mysql:host=127.0.0.1;port=3306;dbname=sean;charset=utf8
[ sql ] [ SQL ] SHOW COLUMNS FROM `sean_urlconfig` [ RunTime:0.003858s ]
[ sql ] [ SQL ] SELECT `aliases`,`url` FROM `sean_urlconfig` WHERE  `status` = 1 [ RunTime:0.000263s ]
---------------------------------------------------------------
[ 2019-11-17T19:46:29+08:00 ] 0.0.0.0 GET www.sean.com/index/shopdateil/index/id/1.shtml
[运行时间：0.101166s] [吞吐率：9.88req/s] [内存消耗：2,519.40kb] [文件加载：56]
[ info ] [ LANG ] D:\web\phpweb\sean\thinkphp\lang\zh-cn.php
[ info ] [ DB ] INIT mysql
[ info ] [ ROUTE ] array (
  'type' => 'module',
  'module' => 
  array (
    0 => 'index',
    1 => 'shopdateil',
    2 => 'index',
  ),
)
[ info ] [ HEADER ] array (
  'cookie' => 'PHPSESSID=npa2c59arh39bi590jj24hal96; usermember=admin; adminer_version=4.7.5',
  'accept-language' => 'zh-CN,zh;q=0.9,en;q=0.8,und;q=0.7',
  'accept-encoding' => 'gzip, deflate',
  'referer' => 'http://www.sean.com/index/shop/index.shtml',
  'accept' => 'text/html,application/xhtml+xml,application/xml;q=0.9,image/webp,image/apng,*/*;q=0.8,application/signed-exchange;v=b3',
  'user-agent' => 'Mozilla/5.0 (Windows NT 10.0; Win64; x64) AppleWebKit/537.36 (KHTML, like Gecko) Chrome/78.0.3904.97 Safari/537.36',
  'upgrade-insecure-requests' => '1',
  'cache-control' => 'max-age=0',
  'connection' => 'close',
  'host' => 'www.sean.com',
)
[ info ] [ PARAM ] array (
  'id' => '1',
)
[ info ] [ RUN ] app\index\controller\Shopdateil->index[ D:\web\phpweb\sean\app\index\controller\Shopdateil.php ]
[ info ] [ VIEW ] D:\web\phpweb\sean\public/../app/index\view\shopdateil\shopdateil.html [ array (
  0 => 'goodsCate',
  1 => 'controller',
  2 => 'goodsVice',
  3 => 'goods',
  4 => 'goods_content',
  5 => 'goods_atlas',
  6 => 'goods_attr',
) ]
[ info ] [ LOG ] INIT File
[ sql ] [ DB ] CONNECT:[ UseTime:0.000538s ] mysql:host=127.0.0.1;port=3306;dbname=sean;charset=utf8
[ sql ] [ SQL ] SHOW COLUMNS FROM `sean_urlconfig` [ RunTime:0.025815s ]
[ sql ] [ SQL ] SELECT `aliases`,`url` FROM `sean_urlconfig` WHERE  `status` = 1 [ RunTime:0.000236s ]
[ sql ] [ SQL ] SHOW COLUMNS FROM `sean_goods` [ RunTime:0.003716s ]
[ sql ] [ SQL ] SELECT * FROM `sean_goods` WHERE  `id` = 1 LIMIT 1 [ RunTime:0.000243s ]
[ sql ] [ SQL ] SHOW COLUMNS FROM `sean_goods_content` [ RunTime:0.003188s ]
[ sql ] [ SQL ] SELECT * FROM `sean_goods_content` WHERE  `goods_id` = 1 [ RunTime:0.000468s ]
[ sql ] [ SQL ] SHOW COLUMNS FROM `sean_goods_atlas` [ RunTime:0.010374s ]
[ sql ] [ SQL ] SELECT * FROM `sean_goods_atlas` WHERE  `goods_id` = 1 [ RunTime:0.000208s ]
[ sql ] [ SQL ] SHOW COLUMNS FROM `sean_goods_attr` [ RunTime:0.003058s ]
[ sql ] [ SQL ] SELECT * FROM `sean_goods_attr` WHERE  `goods_id` = 1 [ RunTime:0.000180s ]
[ sql ] [ SQL ] SHOW COLUMNS FROM `sean_goods_cate` [ RunTime:0.003787s ]
[ sql ] [ SQL ] SELECT * FROM `sean_goods_cate` [ RunTime:0.000251s ]
[ sql ] [ SQL ] SELECT * FROM `sean_goods` LIMIT 3 [ RunTime:0.000342s ]
[ error ] [0]语法解析错误: syntax error, unexpected 'id' (T_STRING), expecting ',' or ')'[D:\web\phpweb\sean\runtime\temp\41526fc056aa47409a13bc1f582d5cac.php:298]
---------------------------------------------------------------
[ 2019-11-17T19:47:41+08:00 ] 0.0.0.0 GET www.sean.com/index/shopdateil/index/id/1.shtml
[运行时间：0.057799s] [吞吐率：17.30req/s] [内存消耗：2,590.16kb] [文件加载：55]
[ info ] [ LANG ] D:\web\phpweb\sean\thinkphp\lang\zh-cn.php
[ info ] [ DB ] INIT mysql
[ info ] [ ROUTE ] array (
  'type' => 'module',
  'module' => 
  array (
    0 => 'index',
    1 => 'shopdateil',
    2 => 'index',
  ),
)
[ info ] [ HEADER ] array (
  'cookie' => 'PHPSESSID=npa2c59arh39bi590jj24hal96; usermember=admin; adminer_version=4.7.5',
  'accept-language' => 'zh-CN,zh;q=0.9,en;q=0.8,und;q=0.7',
  'accept-encoding' => 'gzip, deflate',
  'referer' => 'http://www.sean.com/index/shop/index.shtml',
  'accept' => 'text/html,application/xhtml+xml,application/xml;q=0.9,image/webp,image/apng,*/*;q=0.8,application/signed-exchange;v=b3',
  'user-agent' => 'Mozilla/5.0 (Windows NT 10.0; Win64; x64) AppleWebKit/537.36 (KHTML, like Gecko) Chrome/78.0.3904.97 Safari/537.36',
  'upgrade-insecure-requests' => '1',
  'cache-control' => 'max-age=0',
  'connection' => 'close',
  'host' => 'www.sean.com',
)
[ info ] [ PARAM ] array (
  'id' => '1',
)
[ info ] [ RUN ] app\index\controller\Shopdateil->index[ D:\web\phpweb\sean\app\index\controller\Shopdateil.php ]
[ info ] [ VIEW ] D:\web\phpweb\sean\public/../app/index\view\shopdateil\shopdateil.html [ array (
  0 => 'goodsCate',
  1 => 'controller',
  2 => 'goodsVice',
  3 => 'goods',
  4 => 'goods_content',
  5 => 'goods_atlas',
  6 => 'goods_attr',
) ]
[ info ] [ LOG ] INIT File
[ sql ] [ DB ] CONNECT:[ UseTime:0.000991s ] mysql:host=127.0.0.1;port=3306;dbname=sean;charset=utf8
[ sql ] [ SQL ] SHOW COLUMNS FROM `sean_urlconfig` [ RunTime:0.004194s ]
[ sql ] [ SQL ] SELECT `aliases`,`url` FROM `sean_urlconfig` WHERE  `status` = 1 [ RunTime:0.000221s ]
[ sql ] [ SQL ] SHOW COLUMNS FROM `sean_goods` [ RunTime:0.003367s ]
[ sql ] [ SQL ] SELECT * FROM `sean_goods` WHERE  `id` = 1 LIMIT 1 [ RunTime:0.000262s ]
[ sql ] [ SQL ] SHOW COLUMNS FROM `sean_goods_content` [ RunTime:0.003100s ]
[ sql ] [ SQL ] SELECT * FROM `sean_goods_content` WHERE  `goods_id` = 1 [ RunTime:0.000243s ]
[ sql ] [ SQL ] SHOW COLUMNS FROM `sean_goods_atlas` [ RunTime:0.003815s ]
[ sql ] [ SQL ] SELECT * FROM `sean_goods_atlas` WHERE  `goods_id` = 1 [ RunTime:0.000235s ]
[ sql ] [ SQL ] SHOW COLUMNS FROM `sean_goods_attr` [ RunTime:0.003160s ]
[ sql ] [ SQL ] SELECT * FROM `sean_goods_attr` WHERE  `goods_id` = 1 [ RunTime:0.000179s ]
[ sql ] [ SQL ] SHOW COLUMNS FROM `sean_goods_cate` [ RunTime:0.003187s ]
[ sql ] [ SQL ] SELECT * FROM `sean_goods_cate` [ RunTime:0.000195s ]
[ sql ] [ SQL ] SELECT * FROM `sean_goods` LIMIT 3 [ RunTime:0.000199s ]
---------------------------------------------------------------
[ 2019-11-17T19:47:41+08:00 ] 0.0.0.0 GET www.sean.com/uploads/admin/goods_thumb/20191111/a510a179bbec4551a502528744881458.jpg
[运行时间：0.051955s] [吞吐率：19.25req/s] [内存消耗：1,854.93kb] [文件加载：43]
[ info ] [ LANG ] D:\web\phpweb\sean\thinkphp\lang\zh-cn.php
[ info ] [ DB ] INIT mysql
[ info ] [ ROUTE ] array (
  'type' => 'module',
  'module' => 
  array (
    0 => 'uploads',
    1 => 'admin',
    2 => 'goods_thumb',
  ),
)
[ info ] [ HEADER ] array (
  'cookie' => 'PHPSESSID=npa2c59arh39bi590jj24hal96; usermember=admin; adminer_version=4.7.5',
  'accept-language' => 'zh-CN,zh;q=0.9,en;q=0.8,und;q=0.7',
  'accept-encoding' => 'gzip, deflate',
  'referer' => 'http://www.sean.com/index/shopdateil/index/id/1.shtml',
  'accept' => 'image/webp,image/apng,image/*,*/*;q=0.8',
  'user-agent' => 'Mozilla/5.0 (Windows NT 10.0; Win64; x64) AppleWebKit/537.36 (KHTML, like Gecko) Chrome/78.0.3904.97 Safari/537.36',
  'connection' => 'close',
  'host' => 'www.sean.com',
)
[ info ] [ PARAM ] array (
  0 => 'a510a179bbec4551a502528744881458.jpg',
)
[ info ] [ LOG ] INIT File
[ sql ] [ DB ] CONNECT:[ UseTime:0.003161s ] mysql:host=127.0.0.1;port=3306;dbname=sean;charset=utf8
[ sql ] [ SQL ] SHOW COLUMNS FROM `sean_urlconfig` [ RunTime:0.027209s ]
[ sql ] [ SQL ] SELECT `aliases`,`url` FROM `sean_urlconfig` WHERE  `status` = 1 [ RunTime:0.000340s ]
---------------------------------------------------------------
[ 2019-11-17T19:47:46+08:00 ] 0.0.0.0 GET www.sean.com/index/shop/index/id/14.shtml
[运行时间：0.076856s] [吞吐率：13.01req/s] [内存消耗：2,499.03kb] [文件加载：57]
[ info ] [ LANG ] D:\web\phpweb\sean\thinkphp\lang\zh-cn.php
[ info ] [ DB ] INIT mysql
[ info ] [ ROUTE ] array (
  'type' => 'module',
  'module' => 
  array (
    0 => 'index',
    1 => 'shop',
    2 => 'index',
  ),
)
[ info ] [ HEADER ] array (
  'cookie' => 'PHPSESSID=npa2c59arh39bi590jj24hal96; usermember=admin; adminer_version=4.7.5',
  'accept-language' => 'zh-CN,zh;q=0.9,en;q=0.8,und;q=0.7',
  'accept-encoding' => 'gzip, deflate',
  'referer' => 'http://www.sean.com/index/shopdateil/index/id/1.shtml',
  'accept' => 'text/html,application/xhtml+xml,application/xml;q=0.9,image/webp,image/apng,*/*;q=0.8,application/signed-exchange;v=b3',
  'user-agent' => 'Mozilla/5.0 (Windows NT 10.0; Win64; x64) AppleWebKit/537.36 (KHTML, like Gecko) Chrome/78.0.3904.97 Safari/537.36',
  'upgrade-insecure-requests' => '1',
  'connection' => 'close',
  'host' => 'www.sean.com',
)
[ info ] [ PARAM ] array (
  'id' => '14',
)
[ info ] [ RUN ] app\index\controller\Shop->index[ D:\web\phpweb\sean\app\index\controller\Shop.php ]
[ info ] [ VIEW ] D:\web\phpweb\sean\public/../app/index\view\shop\shop.html [ array (
  0 => 'goodsCate',
  1 => 'controller',
  2 => 'goodsVice',
  3 => 'goodsList',
) ]
[ info ] [ LOG ] INIT File
[ sql ] [ DB ] CONNECT:[ UseTime:0.000562s ] mysql:host=127.0.0.1;port=3306;dbname=sean;charset=utf8
[ sql ] [ SQL ] SHOW COLUMNS FROM `sean_urlconfig` [ RunTime:0.025731s ]
[ sql ] [ SQL ] SELECT `aliases`,`url` FROM `sean_urlconfig` WHERE  `status` = 1 [ RunTime:0.000239s ]
[ sql ] [ SQL ] SHOW COLUMNS FROM `sean_goods` [ RunTime:0.003844s ]
[ sql ] [ SQL ] SELECT COUNT(*) AS tp_count FROM `sean_goods` `a` LEFT JOIN `sean_goods_content` `c` ON `a`.`id`=`c`.`goods_id` LIMIT 1 [ RunTime:0.000318s ]
[ sql ] [ SQL ] SELECT `a`.*,`c`.* FROM `sean_goods` `a` LEFT JOIN `sean_goods_content` `c` ON `a`.`id`=`c`.`goods_id` LIMIT 0,15 [ RunTime:0.000276s ]
[ sql ] [ SQL ] SHOW COLUMNS FROM `sean_goods_cate` [ RunTime:0.003146s ]
[ sql ] [ SQL ] SELECT * FROM `sean_goods_cate` [ RunTime:0.000177s ]
[ sql ] [ SQL ] SELECT * FROM `sean_goods` LIMIT 3 [ RunTime:0.000189s ]
---------------------------------------------------------------
[ 2019-11-17T19:58:34+08:00 ] 0.0.0.0 GET www.sean.com/index/shop/index/id/14.shtml
[运行时间：0.030161s] [吞吐率：33.16req/s] [内存消耗：1,864.91kb] [文件加载：45]
[ info ] [ LANG ] D:\web\phpweb\sean\thinkphp\lang\zh-cn.php
[ info ] [ DB ] INIT mysql
[ info ] [ ROUTE ] array (
  'type' => 'module',
  'module' => 
  array (
    0 => 'index',
    1 => 'shop',
    2 => 'index',
  ),
)
[ info ] [ HEADER ] array (
  'cookie' => 'PHPSESSID=npa2c59arh39bi590jj24hal96; usermember=admin; adminer_version=4.7.5',
  'accept-language' => 'zh-CN,zh;q=0.9,en;q=0.8,und;q=0.7',
  'accept-encoding' => 'gzip, deflate',
  'referer' => 'http://www.sean.com/index/shopdateil/index/id/1.shtml',
  'accept' => 'text/html,application/xhtml+xml,application/xml;q=0.9,image/webp,image/apng,*/*;q=0.8,application/signed-exchange;v=b3',
  'user-agent' => 'Mozilla/5.0 (Windows NT 10.0; Win64; x64) AppleWebKit/537.36 (KHTML, like Gecko) Chrome/78.0.3904.97 Safari/537.36',
  'upgrade-insecure-requests' => '1',
  'connection' => 'close',
  'host' => 'www.sean.com',
)
[ info ] [ PARAM ] array (
  'id' => '14',
)
[ info ] [ LOG ] INIT File
[ sql ] [ DB ] CONNECT:[ UseTime:0.001172s ] mysql:host=127.0.0.1;port=3306;dbname=sean;charset=utf8
[ sql ] [ SQL ] SHOW COLUMNS FROM `sean_urlconfig` [ RunTime:0.003685s ]
[ sql ] [ SQL ] SELECT `aliases`,`url` FROM `sean_urlconfig` WHERE  `status` = 1 [ RunTime:0.000207s ]
[ error ] [0]语法解析错误: syntax error, unexpected '{'[D:\web\phpweb\sean\app\index\controller\Shop.php:56]
---------------------------------------------------------------
[ 2019-11-17T19:59:21+08:00 ] 0.0.0.0 GET www.sean.com/index/shop/index/id/14.shtml
[运行时间：0.055689s] [吞吐率：17.96req/s] [内存消耗：2,499.06kb] [文件加载：57]
[ info ] [ LANG ] D:\web\phpweb\sean\thinkphp\lang\zh-cn.php
[ info ] [ DB ] INIT mysql
[ info ] [ ROUTE ] array (
  'type' => 'module',
  'module' => 
  array (
    0 => 'index',
    1 => 'shop',
    2 => 'index',
  ),
)
[ info ] [ HEADER ] array (
  'cookie' => 'PHPSESSID=npa2c59arh39bi590jj24hal96; usermember=admin; adminer_version=4.7.5',
  'accept-language' => 'zh-CN,zh;q=0.9,en;q=0.8,und;q=0.7',
  'accept-encoding' => 'gzip, deflate',
  'referer' => 'http://www.sean.com/index/shopdateil/index/id/1.shtml',
  'accept' => 'text/html,application/xhtml+xml,application/xml;q=0.9,image/webp,image/apng,*/*;q=0.8,application/signed-exchange;v=b3',
  'user-agent' => 'Mozilla/5.0 (Windows NT 10.0; Win64; x64) AppleWebKit/537.36 (KHTML, like Gecko) Chrome/78.0.3904.97 Safari/537.36',
  'upgrade-insecure-requests' => '1',
  'cache-control' => 'max-age=0',
  'connection' => 'close',
  'host' => 'www.sean.com',
)
[ info ] [ PARAM ] array (
  'id' => '14',
)
[ info ] [ RUN ] app\index\controller\Shop->index[ D:\web\phpweb\sean\app\index\controller\Shop.php ]
[ info ] [ VIEW ] D:\web\phpweb\sean\public/../app/index\view\shop\shop.html [ array (
  0 => 'goodsCate',
  1 => 'controller',
  2 => 'goodsVice',
  3 => 'goodsList',
) ]
[ info ] [ LOG ] INIT File
[ sql ] [ DB ] CONNECT:[ UseTime:0.000559s ] mysql:host=127.0.0.1;port=3306;dbname=sean;charset=utf8
[ sql ] [ SQL ] SHOW COLUMNS FROM `sean_urlconfig` [ RunTime:0.012322s ]
[ sql ] [ SQL ] SELECT `aliases`,`url` FROM `sean_urlconfig` WHERE  `status` = 1 [ RunTime:0.000655s ]
[ sql ] [ SQL ] SHOW COLUMNS FROM `sean_goods` [ RunTime:0.003525s ]
[ sql ] [ SQL ] SELECT COUNT(*) AS tp_count FROM `sean_goods` `a` LEFT JOIN `sean_goods_content` `c` ON `a`.`id`=`c`.`goods_id` LIMIT 1 [ RunTime:0.000231s ]
[ sql ] [ SQL ] SELECT `a`.*,`c`.* FROM `sean_goods` `a` LEFT JOIN `sean_goods_content` `c` ON `a`.`id`=`c`.`goods_id` LIMIT 0,15 [ RunTime:0.000274s ]
[ sql ] [ SQL ] SHOW COLUMNS FROM `sean_goods_cate` [ RunTime:0.003073s ]
[ sql ] [ SQL ] SELECT * FROM `sean_goods_cate` [ RunTime:0.000195s ]
[ sql ] [ SQL ] SELECT * FROM `sean_goods` LIMIT 3 [ RunTime:0.000322s ]
---------------------------------------------------------------
[ 2019-11-17T19:59:23+08:00 ] 0.0.0.0 GET www.sean.com/index/shopdateil/index/id/2.shtml
[运行时间：0.087227s] [吞吐率：11.46req/s] [内存消耗：2,589.86kb] [文件加载：55]
[ info ] [ LANG ] D:\web\phpweb\sean\thinkphp\lang\zh-cn.php
[ info ] [ DB ] INIT mysql
[ info ] [ ROUTE ] array (
  'type' => 'module',
  'module' => 
  array (
    0 => 'index',
    1 => 'shopdateil',
    2 => 'index',
  ),
)
[ info ] [ HEADER ] array (
  'cookie' => 'PHPSESSID=npa2c59arh39bi590jj24hal96; usermember=admin; adminer_version=4.7.5',
  'accept-language' => 'zh-CN,zh;q=0.9,en;q=0.8,und;q=0.7',
  'accept-encoding' => 'gzip, deflate',
  'referer' => 'http://www.sean.com/index/shop/index/id/14.shtml',
  'accept' => 'text/html,application/xhtml+xml,application/xml;q=0.9,image/webp,image/apng,*/*;q=0.8,application/signed-exchange;v=b3',
  'user-agent' => 'Mozilla/5.0 (Windows NT 10.0; Win64; x64) AppleWebKit/537.36 (KHTML, like Gecko) Chrome/78.0.3904.97 Safari/537.36',
  'upgrade-insecure-requests' => '1',
  'connection' => 'close',
  'host' => 'www.sean.com',
)
[ info ] [ PARAM ] array (
  'id' => '2',
)
[ info ] [ RUN ] app\index\controller\Shopdateil->index[ D:\web\phpweb\sean\app\index\controller\Shopdateil.php ]
[ info ] [ VIEW ] D:\web\phpweb\sean\public/../app/index\view\shopdateil\shopdateil.html [ array (
  0 => 'goodsCate',
  1 => 'controller',
  2 => 'goodsVice',
  3 => 'goods',
  4 => 'goods_content',
  5 => 'goods_atlas',
  6 => 'goods_attr',
) ]
[ info ] [ LOG ] INIT File
[ sql ] [ DB ] CONNECT:[ UseTime:0.000554s ] mysql:host=127.0.0.1;port=3306;dbname=sean;charset=utf8
[ sql ] [ SQL ] SHOW COLUMNS FROM `sean_urlconfig` [ RunTime:0.012210s ]
[ sql ] [ SQL ] SELECT `aliases`,`url` FROM `sean_urlconfig` WHERE  `status` = 1 [ RunTime:0.000205s ]
[ sql ] [ SQL ] SHOW COLUMNS FROM `sean_goods` [ RunTime:0.004314s ]
[ sql ] [ SQL ] SELECT * FROM `sean_goods` WHERE  `id` = 2 LIMIT 1 [ RunTime:0.000320s ]
[ sql ] [ SQL ] SHOW COLUMNS FROM `sean_goods_content` [ RunTime:0.003838s ]
[ sql ] [ SQL ] SELECT * FROM `sean_goods_content` WHERE  `goods_id` = 2 [ RunTime:0.000417s ]
[ sql ] [ SQL ] SHOW COLUMNS FROM `sean_goods_atlas` [ RunTime:0.012825s ]
[ sql ] [ SQL ] SELECT * FROM `sean_goods_atlas` WHERE  `goods_id` = 2 [ RunTime:0.000279s ]
[ sql ] [ SQL ] SHOW COLUMNS FROM `sean_goods_attr` [ RunTime:0.004088s ]
[ sql ] [ SQL ] SELECT * FROM `sean_goods_attr` WHERE  `goods_id` = 2 [ RunTime:0.000214s ]
[ sql ] [ SQL ] SHOW COLUMNS FROM `sean_goods_cate` [ RunTime:0.003090s ]
[ sql ] [ SQL ] SELECT * FROM `sean_goods_cate` [ RunTime:0.000198s ]
[ sql ] [ SQL ] SELECT * FROM `sean_goods` LIMIT 3 [ RunTime:0.000214s ]
---------------------------------------------------------------
[ 2019-11-17T19:59:23+08:00 ] 0.0.0.0 GET www.sean.com/uploads/admin/goods_thumb/20191111/22c0dcd8c71c8659a144f2839f9ed9e7.jpg
[运行时间：0.042445s] [吞吐率：23.56req/s] [内存消耗：1,854.93kb] [文件加载：43]
[ info ] [ LANG ] D:\web\phpweb\sean\thinkphp\lang\zh-cn.php
[ info ] [ DB ] INIT mysql
[ info ] [ ROUTE ] array (
  'type' => 'module',
  'module' => 
  array (
    0 => 'uploads',
    1 => 'admin',
    2 => 'goods_thumb',
  ),
)
[ info ] [ HEADER ] array (
  'cookie' => 'PHPSESSID=npa2c59arh39bi590jj24hal96; usermember=admin; adminer_version=4.7.5',
  'accept-language' => 'zh-CN,zh;q=0.9,en;q=0.8,und;q=0.7',
  'accept-encoding' => 'gzip, deflate',
  'referer' => 'http://www.sean.com/index/shopdateil/index/id/2.shtml',
  'accept' => 'image/webp,image/apng,image/*,*/*;q=0.8',
  'user-agent' => 'Mozilla/5.0 (Windows NT 10.0; Win64; x64) AppleWebKit/537.36 (KHTML, like Gecko) Chrome/78.0.3904.97 Safari/537.36',
  'connection' => 'close',
  'host' => 'www.sean.com',
)
[ info ] [ PARAM ] array (
  0 => '22c0dcd8c71c8659a144f2839f9ed9e7.jpg',
)
[ info ] [ LOG ] INIT File
[ sql ] [ DB ] CONNECT:[ UseTime:0.000827s ] mysql:host=127.0.0.1;port=3306;dbname=sean;charset=utf8
[ sql ] [ SQL ] SHOW COLUMNS FROM `sean_urlconfig` [ RunTime:0.013309s ]
[ sql ] [ SQL ] SELECT `aliases`,`url` FROM `sean_urlconfig` WHERE  `status` = 1 [ RunTime:0.000393s ]
---------------------------------------------------------------
[ 2019-11-17T19:59:23+08:00 ] 0.0.0.0 GET www.sean.com/uploads/admin/goods_thumb/20191111/b2269579317a96386c9235612b0e2a66.jpg
[运行时间：0.035481s] [吞吐率：28.18req/s] [内存消耗：1,854.93kb] [文件加载：43]
[ info ] [ LANG ] D:\web\phpweb\sean\thinkphp\lang\zh-cn.php
[ info ] [ DB ] INIT mysql
[ info ] [ ROUTE ] array (
  'type' => 'module',
  'module' => 
  array (
    0 => 'uploads',
    1 => 'admin',
    2 => 'goods_thumb',
  ),
)
[ info ] [ HEADER ] array (
  'cookie' => 'PHPSESSID=npa2c59arh39bi590jj24hal96; usermember=admin; adminer_version=4.7.5',
  'accept-language' => 'zh-CN,zh;q=0.9,en;q=0.8,und;q=0.7',
  'accept-encoding' => 'gzip, deflate',
  'referer' => 'http://www.sean.com/index/shopdateil/index/id/2.shtml',
  'accept' => 'image/webp,image/apng,image/*,*/*;q=0.8',
  'user-agent' => 'Mozilla/5.0 (Windows NT 10.0; Win64; x64) AppleWebKit/537.36 (KHTML, like Gecko) Chrome/78.0.3904.97 Safari/537.36',
  'connection' => 'close',
  'host' => 'www.sean.com',
)
[ info ] [ PARAM ] array (
  0 => 'b2269579317a96386c9235612b0e2a66.jpg',
)
[ info ] [ LOG ] INIT File
[ sql ] [ DB ] CONNECT:[ UseTime:0.000589s ] mysql:host=127.0.0.1;port=3306;dbname=sean;charset=utf8
[ sql ] [ SQL ] SHOW COLUMNS FROM `sean_urlconfig` [ RunTime:0.012533s ]
[ sql ] [ SQL ] SELECT `aliases`,`url` FROM `sean_urlconfig` WHERE  `status` = 1 [ RunTime:0.000320s ]
---------------------------------------------------------------
[ 2019-11-17T19:59:24+08:00 ] 0.0.0.0 GET www.sean.com/uploads/admin/goods_thumb/20191111/145f0b8867cdc0fb932ff2ca71e7e267.jpg
[运行时间：0.035533s] [吞吐率：28.14req/s] [内存消耗：1,854.93kb] [文件加载：43]
[ info ] [ LANG ] D:\web\phpweb\sean\thinkphp\lang\zh-cn.php
[ info ] [ DB ] INIT mysql
[ info ] [ ROUTE ] array (
  'type' => 'module',
  'module' => 
  array (
    0 => 'uploads',
    1 => 'admin',
    2 => 'goods_thumb',
  ),
)
[ info ] [ HEADER ] array (
  'cookie' => 'PHPSESSID=npa2c59arh39bi590jj24hal96; usermember=admin; adminer_version=4.7.5',
  'accept-language' => 'zh-CN,zh;q=0.9,en;q=0.8,und;q=0.7',
  'accept-encoding' => 'gzip, deflate',
  'referer' => 'http://www.sean.com/index/shopdateil/index/id/2.shtml',
  'accept' => 'image/webp,image/apng,image/*,*/*;q=0.8',
  'user-agent' => 'Mozilla/5.0 (Windows NT 10.0; Win64; x64) AppleWebKit/537.36 (KHTML, like Gecko) Chrome/78.0.3904.97 Safari/537.36',
  'connection' => 'close',
  'host' => 'www.sean.com',
)
[ info ] [ PARAM ] array (
  0 => '145f0b8867cdc0fb932ff2ca71e7e267.jpg',
)
[ info ] [ LOG ] INIT File
[ sql ] [ DB ] CONNECT:[ UseTime:0.000661s ] mysql:host=127.0.0.1;port=3306;dbname=sean;charset=utf8
[ sql ] [ SQL ] SHOW COLUMNS FROM `sean_urlconfig` [ RunTime:0.014759s ]
[ sql ] [ SQL ] SELECT `aliases`,`url` FROM `sean_urlconfig` WHERE  `status` = 1 [ RunTime:0.000228s ]
---------------------------------------------------------------
[ 2019-11-17T19:59:24+08:00 ] 0.0.0.0 GET www.sean.com/uploads/admin/goods_thumb/20191111/22c0dcd8c71c8659a144f2839f9ed9e7.jpg
[运行时间：0.041625s] [吞吐率：24.02req/s] [内存消耗：1,854.93kb] [文件加载：43]
[ info ] [ LANG ] D:\web\phpweb\sean\thinkphp\lang\zh-cn.php
[ info ] [ DB ] INIT mysql
[ info ] [ ROUTE ] array (
  'type' => 'module',
  'module' => 
  array (
    0 => 'uploads',
    1 => 'admin',
    2 => 'goods_thumb',
  ),
)
[ info ] [ HEADER ] array (
  'cookie' => 'PHPSESSID=npa2c59arh39bi590jj24hal96; usermember=admin; adminer_version=4.7.5',
  'accept-language' => 'zh-CN,zh;q=0.9,en;q=0.8,und;q=0.7',
  'accept-encoding' => 'gzip, deflate',
  'referer' => 'http://www.sean.com/index/shopdateil/index/id/2.shtml',
  'accept' => 'image/webp,image/apng,image/*,*/*;q=0.8',
  'user-agent' => 'Mozilla/5.0 (Windows NT 10.0; Win64; x64) AppleWebKit/537.36 (KHTML, like Gecko) Chrome/78.0.3904.97 Safari/537.36',
  'connection' => 'close',
  'host' => 'www.sean.com',
)
[ info ] [ PARAM ] array (
  0 => '22c0dcd8c71c8659a144f2839f9ed9e7.jpg',
)
[ info ] [ LOG ] INIT File
[ sql ] [ DB ] CONNECT:[ UseTime:0.000542s ] mysql:host=127.0.0.1;port=3306;dbname=sean;charset=utf8
[ sql ] [ SQL ] SHOW COLUMNS FROM `sean_urlconfig` [ RunTime:0.021339s ]
[ sql ] [ SQL ] SELECT `aliases`,`url` FROM `sean_urlconfig` WHERE  `status` = 1 [ RunTime:0.000232s ]
---------------------------------------------------------------
[ 2019-11-17T19:59:28+08:00 ] 0.0.0.0 GET www.sean.com/index/shop/shoplist/id/14.shtml
[运行时间：0.032781s] [吞吐率：30.51req/s] [内存消耗：1,996.27kb] [文件加载：47]
[ info ] [ LANG ] D:\web\phpweb\sean\thinkphp\lang\zh-cn.php
[ info ] [ DB ] INIT mysql
[ info ] [ ROUTE ] array (
  'type' => 'module',
  'module' => 
  array (
    0 => 'index',
    1 => 'shop',
    2 => 'shoplist',
  ),
)
[ info ] [ HEADER ] array (
  'cookie' => 'PHPSESSID=npa2c59arh39bi590jj24hal96; usermember=admin; adminer_version=4.7.5',
  'accept-language' => 'zh-CN,zh;q=0.9,en;q=0.8,und;q=0.7',
  'accept-encoding' => 'gzip, deflate',
  'referer' => 'http://www.sean.com/index/shopdateil/index/id/2.shtml',
  'accept' => 'text/html,application/xhtml+xml,application/xml;q=0.9,image/webp,image/apng,*/*;q=0.8,application/signed-exchange;v=b3',
  'user-agent' => 'Mozilla/5.0 (Windows NT 10.0; Win64; x64) AppleWebKit/537.36 (KHTML, like Gecko) Chrome/78.0.3904.97 Safari/537.36',
  'upgrade-insecure-requests' => '1',
  'connection' => 'close',
  'host' => 'www.sean.com',
)
[ info ] [ PARAM ] array (
  'id' => '14',
)
[ info ] [ RUN ] app\index\controller\Shop->shopList[ D:\web\phpweb\sean\app\index\controller\Shop.php ]
[ info ] [ LOG ] INIT File
[ sql ] [ DB ] CONNECT:[ UseTime:0.000519s ] mysql:host=127.0.0.1;port=3306;dbname=sean;charset=utf8
[ sql ] [ SQL ] SHOW COLUMNS FROM `sean_urlconfig` [ RunTime:0.006756s ]
[ sql ] [ SQL ] SELECT `aliases`,`url` FROM `sean_urlconfig` WHERE  `status` = 1 [ RunTime:0.000201s ]
[ sql ] [ SQL ] SHOW COLUMNS FROM `sean_goods` [ RunTime:0.003367s ]
[ sql ] [ SQL ] SELECT `a`.*,`c`.* FROM `sean_goods` `a` LEFT JOIN `sean_goods_content` `c` ON `a`.`id`=`c`.`goods_id` WHERE  `goods_cate_id` = 14 [ RunTime:0.000325s ]
