---------------------------------------------------------------
[ 2019-12-01T16:12:47+08:00 ] 0.0.0.0 GET www.sean.com/index/shopdateil/index/id/4.shtml
[运行时间：0.091317s] [吞吐率：10.95req/s] [内存消耗：2,488.39kb] [文件加载：54]
[ info ] [ LANG ] D:\web\phpweb\sean\thinkphp\lang\zh-cn.php
[ info ] [ DB ] INIT mysql
[ info ] [ ROUTE ] array (
  'type' => 'module',
  'module' => 
  array (
    0 => 'index',
    1 => 'shopdateil',
    2 => 'index',
  ),
)
[ info ] [ HEADER ] array (
  'cookie' => 'PHPSESSID=442e6gogce0u2o1m3iclccpj33; log-username=seanpan565%40gmail.com; log-password=0bcc6c3004249dbe3e78cd106ab5efb4',
  'accept-language' => 'zh-CN,zh;q=0.9,en;q=0.8,und;q=0.7',
  'accept-encoding' => 'gzip, deflate',
  'referer' => 'http://www.sean.com/index/shop/shoplist/id/2.shtml',
  'accept' => 'text/html,application/xhtml+xml,application/xml;q=0.9,image/webp,image/apng,*/*;q=0.8,application/signed-exchange;v=b3',
  'user-agent' => 'Mozilla/5.0 (Windows NT 10.0; Win64; x64) AppleWebKit/537.36 (KHTML, like Gecko) Chrome/78.0.3904.108 Safari/537.36',
  'upgrade-insecure-requests' => '1',
  'connection' => 'close',
  'host' => 'www.sean.com',
)
[ info ] [ PARAM ] array (
  'id' => '4',
)
[ info ] [ SESSION ] INIT array (
  'id' => '',
  'var_session_id' => '',
  'prefix' => 'think',
  'type' => '',
  'auto_start' => true,
  'expire' => 3600,
)
[ info ] [ RUN ] app\index\controller\Shopdateil->index[ D:\web\phpweb\sean\app\index\controller\Shopdateil.php ]
[ info ] [ VIEW ] D:\web\phpweb\sean\public/../app/index\view\shopdateil\shopdateil.html [ array (
  0 => 'controller',
  1 => 'user',
  2 => 'goodsCate',
  3 => 'goodsVice',
  4 => 'goods',
  5 => 'goods_content',
  6 => 'goods_atlas',
  7 => 'goods_attr',
  8 => 'collect',
) ]
[ info ] [ LOG ] INIT File
[ sql ] [ DB ] CONNECT:[ UseTime:0.003850s ] mysql:host=127.0.0.1;port=3306;dbname=sean;charset=utf8
[ sql ] [ SQL ] SHOW COLUMNS FROM `sean_urlconfig` [ RunTime:0.007147s ]
[ sql ] [ SQL ] SELECT `aliases`,`url` FROM `sean_urlconfig` WHERE  `status` = 1 [ RunTime:0.000396s ]
[ sql ] [ SQL ] SHOW COLUMNS FROM `sean_user` [ RunTime:0.005032s ]
[ sql ] [ SQL ] SELECT `id`,`user_name` FROM `sean_user` WHERE  `id` = 1 LIMIT 1 [ RunTime:0.000302s ]
[ sql ] [ SQL ] SHOW COLUMNS FROM `sean_goods` [ RunTime:0.005134s ]
[ sql ] [ SQL ] SELECT * FROM `sean_goods` WHERE  `id` = 4 LIMIT 1 [ RunTime:0.000905s ]
[ sql ] [ SQL ] SHOW COLUMNS FROM `sean_goods_content` [ RunTime:0.005478s ]
[ sql ] [ SQL ] SELECT * FROM `sean_goods_content` WHERE  `goods_id` = 4 [ RunTime:0.000946s ]
[ sql ] [ SQL ] SHOW COLUMNS FROM `sean_goods_atlas` [ RunTime:0.005202s ]
[ sql ] [ SQL ] SELECT * FROM `sean_goods_atlas` WHERE  `goods_id` = 4 [ RunTime:0.001162s ]
[ sql ] [ SQL ] SHOW COLUMNS FROM `sean_goods_attr` [ RunTime:0.004925s ]
[ sql ] [ SQL ] SELECT * FROM `sean_goods_attr` WHERE  `goods_id` = 4 [ RunTime:0.000307s ]
[ sql ] [ SQL ] SHOW COLUMNS FROM `sean_goods_collect` [ RunTime:0.004344s ]
[ sql ] [ SQL ] SELECT * FROM `sean_goods_collect` WHERE  `goods_id` = 4  AND `user_id` = 1 LIMIT 1 [ RunTime:0.000300s ]
[ sql ] [ SQL ] SHOW COLUMNS FROM `sean_goods_cate` [ RunTime:0.004941s ]
[ sql ] [ SQL ] SELECT * FROM `sean_goods_cate` [ RunTime:0.000308s ]
[ sql ] [ SQL ] SELECT * FROM `sean_goods` `a` LEFT JOIN `sean_goods_content` `b` ON `a`.`id`=`b`.`goods_id` WHERE  `b`.`goods_putaway` = '1' LIMIT 3 [ RunTime:0.000566s ]
---------------------------------------------------------------
[ 2019-12-01T16:13:58+08:00 ] 0.0.0.0 GET www.sean.com/index/shopdateil/index/id/4.shtml
[运行时间：0.123069s] [吞吐率：8.13req/s] [内存消耗：2,642.43kb] [文件加载：56]
[ info ] [ LANG ] D:\web\phpweb\sean\thinkphp\lang\zh-cn.php
[ info ] [ DB ] INIT mysql
[ info ] [ ROUTE ] array (
  'type' => 'module',
  'module' => 
  array (
    0 => 'index',
    1 => 'shopdateil',
    2 => 'index',
  ),
)
[ info ] [ HEADER ] array (
  'cookie' => 'PHPSESSID=442e6gogce0u2o1m3iclccpj33; log-username=seanpan565%40gmail.com; log-password=0bcc6c3004249dbe3e78cd106ab5efb4',
  'accept-language' => 'zh-CN,zh;q=0.9,en;q=0.8,und;q=0.7',
  'accept-encoding' => 'gzip, deflate',
  'referer' => 'http://www.sean.com/index/shop/shoplist/id/2.shtml',
  'accept' => 'text/html,application/xhtml+xml,application/xml;q=0.9,image/webp,image/apng,*/*;q=0.8,application/signed-exchange;v=b3',
  'user-agent' => 'Mozilla/5.0 (Windows NT 10.0; Win64; x64) AppleWebKit/537.36 (KHTML, like Gecko) Chrome/78.0.3904.108 Safari/537.36',
  'upgrade-insecure-requests' => '1',
  'cache-control' => 'max-age=0',
  'connection' => 'close',
  'host' => 'www.sean.com',
)
[ info ] [ PARAM ] array (
  'id' => '4',
)
[ info ] [ SESSION ] INIT array (
  'id' => '',
  'var_session_id' => '',
  'prefix' => 'think',
  'type' => '',
  'auto_start' => true,
  'expire' => 3600,
)
[ info ] [ RUN ] app\index\controller\Shopdateil->index[ D:\web\phpweb\sean\app\index\controller\Shopdateil.php ]
[ info ] [ VIEW ] D:\web\phpweb\sean\public/../app/index\view\shopdateil\shopdateil.html [ array (
  0 => 'controller',
  1 => 'user',
  2 => 'goodsCate',
  3 => 'goodsVice',
  4 => 'goods',
  5 => 'goods_content',
  6 => 'goods_atlas',
  7 => 'goods_attr',
  8 => 'collect',
) ]
[ info ] [ LOG ] INIT File
[ sql ] [ DB ] CONNECT:[ UseTime:0.000694s ] mysql:host=127.0.0.1;port=3306;dbname=sean;charset=utf8
[ sql ] [ SQL ] SHOW COLUMNS FROM `sean_urlconfig` [ RunTime:0.033461s ]
[ sql ] [ SQL ] SELECT `aliases`,`url` FROM `sean_urlconfig` WHERE  `status` = 1 [ RunTime:0.000243s ]
[ sql ] [ SQL ] SHOW COLUMNS FROM `sean_user` [ RunTime:0.004422s ]
[ sql ] [ SQL ] SELECT `id`,`user_name` FROM `sean_user` WHERE  `id` = 1 LIMIT 1 [ RunTime:0.000224s ]
[ sql ] [ SQL ] SHOW COLUMNS FROM `sean_goods` [ RunTime:0.003532s ]
[ sql ] [ SQL ] SELECT * FROM `sean_goods` WHERE  `id` = 4 LIMIT 1 [ RunTime:0.000242s ]
[ sql ] [ SQL ] SHOW COLUMNS FROM `sean_goods_content` [ RunTime:0.010326s ]
[ sql ] [ SQL ] SELECT * FROM `sean_goods_content` WHERE  `goods_id` = 4 [ RunTime:0.000272s ]
[ sql ] [ SQL ] SHOW COLUMNS FROM `sean_goods_atlas` [ RunTime:0.003998s ]
[ sql ] [ SQL ] SELECT * FROM `sean_goods_atlas` WHERE  `goods_id` = 4 [ RunTime:0.000240s ]
[ sql ] [ SQL ] SHOW COLUMNS FROM `sean_goods_attr` [ RunTime:0.003481s ]
[ sql ] [ SQL ] SELECT * FROM `sean_goods_attr` WHERE  `goods_id` = 4 [ RunTime:0.000236s ]
[ sql ] [ SQL ] SHOW COLUMNS FROM `sean_goods_collect` [ RunTime:0.003981s ]
[ sql ] [ SQL ] SELECT * FROM `sean_goods_collect` WHERE  `goods_id` = 4  AND `user_id` = 1 LIMIT 1 [ RunTime:0.000354s ]
[ sql ] [ SQL ] SHOW COLUMNS FROM `sean_goods_cate` [ RunTime:0.003857s ]
[ sql ] [ SQL ] SELECT * FROM `sean_goods_cate` [ RunTime:0.000193s ]
[ sql ] [ SQL ] SELECT * FROM `sean_goods` `a` LEFT JOIN `sean_goods_content` `b` ON `a`.`id`=`b`.`goods_id` WHERE  `b`.`goods_putaway` = '1' LIMIT 3 [ RunTime:0.000333s ]
---------------------------------------------------------------
[ 2019-12-01T16:14:34+08:00 ] 0.0.0.0 GET www.sean.com/index/shopdateil/index/id/4.shtml
[运行时间：0.124843s] [吞吐率：8.01req/s] [内存消耗：2,642.43kb] [文件加载：56]
[ info ] [ LANG ] D:\web\phpweb\sean\thinkphp\lang\zh-cn.php
[ info ] [ DB ] INIT mysql
[ info ] [ ROUTE ] array (
  'type' => 'module',
  'module' => 
  array (
    0 => 'index',
    1 => 'shopdateil',
    2 => 'index',
  ),
)
[ info ] [ HEADER ] array (
  'cookie' => 'PHPSESSID=442e6gogce0u2o1m3iclccpj33; log-username=seanpan565%40gmail.com; log-password=0bcc6c3004249dbe3e78cd106ab5efb4',
  'accept-language' => 'zh-CN,zh;q=0.9,en;q=0.8,und;q=0.7',
  'accept-encoding' => 'gzip, deflate',
  'referer' => 'http://www.sean.com/index/shop/shoplist/id/2.shtml',
  'accept' => 'text/html,application/xhtml+xml,application/xml;q=0.9,image/webp,image/apng,*/*;q=0.8,application/signed-exchange;v=b3',
  'user-agent' => 'Mozilla/5.0 (Windows NT 10.0; Win64; x64) AppleWebKit/537.36 (KHTML, like Gecko) Chrome/78.0.3904.108 Safari/537.36',
  'upgrade-insecure-requests' => '1',
  'cache-control' => 'max-age=0',
  'connection' => 'close',
  'host' => 'www.sean.com',
)
[ info ] [ PARAM ] array (
  'id' => '4',
)
[ info ] [ SESSION ] INIT array (
  'id' => '',
  'var_session_id' => '',
  'prefix' => 'think',
  'type' => '',
  'auto_start' => true,
  'expire' => 3600,
)
[ info ] [ RUN ] app\index\controller\Shopdateil->index[ D:\web\phpweb\sean\app\index\controller\Shopdateil.php ]
[ info ] [ VIEW ] D:\web\phpweb\sean\public/../app/index\view\shopdateil\shopdateil.html [ array (
  0 => 'controller',
  1 => 'user',
  2 => 'goodsCate',
  3 => 'goodsVice',
  4 => 'goods',
  5 => 'goods_content',
  6 => 'goods_atlas',
  7 => 'goods_attr',
  8 => 'collect',
) ]
[ info ] [ LOG ] INIT File
[ sql ] [ DB ] CONNECT:[ UseTime:0.000542s ] mysql:host=127.0.0.1;port=3306;dbname=sean;charset=utf8
[ sql ] [ SQL ] SHOW COLUMNS FROM `sean_urlconfig` [ RunTime:0.034295s ]
[ sql ] [ SQL ] SELECT `aliases`,`url` FROM `sean_urlconfig` WHERE  `status` = 1 [ RunTime:0.000260s ]
[ sql ] [ SQL ] SHOW COLUMNS FROM `sean_user` [ RunTime:0.004733s ]
[ sql ] [ SQL ] SELECT `id`,`user_name` FROM `sean_user` WHERE  `id` = 1 LIMIT 1 [ RunTime:0.000245s ]
[ sql ] [ SQL ] SHOW COLUMNS FROM `sean_goods` [ RunTime:0.003700s ]
[ sql ] [ SQL ] SELECT * FROM `sean_goods` WHERE  `id` = 4 LIMIT 1 [ RunTime:0.000251s ]
[ sql ] [ SQL ] SHOW COLUMNS FROM `sean_goods_content` [ RunTime:0.011455s ]
[ sql ] [ SQL ] SELECT * FROM `sean_goods_content` WHERE  `goods_id` = 4 [ RunTime:0.000357s ]
[ sql ] [ SQL ] SHOW COLUMNS FROM `sean_goods_atlas` [ RunTime:0.003902s ]
[ sql ] [ SQL ] SELECT * FROM `sean_goods_atlas` WHERE  `goods_id` = 4 [ RunTime:0.000213s ]
[ sql ] [ SQL ] SHOW COLUMNS FROM `sean_goods_attr` [ RunTime:0.003468s ]
[ sql ] [ SQL ] SELECT * FROM `sean_goods_attr` WHERE  `goods_id` = 4 [ RunTime:0.000298s ]
[ sql ] [ SQL ] SHOW COLUMNS FROM `sean_goods_collect` [ RunTime:0.003651s ]
[ sql ] [ SQL ] SELECT * FROM `sean_goods_collect` WHERE  `goods_id` = 4  AND `user_id` = 1 LIMIT 1 [ RunTime:0.000223s ]
[ sql ] [ SQL ] SHOW COLUMNS FROM `sean_goods_cate` [ RunTime:0.004027s ]
[ sql ] [ SQL ] SELECT * FROM `sean_goods_cate` [ RunTime:0.000316s ]
[ sql ] [ SQL ] SELECT * FROM `sean_goods` `a` LEFT JOIN `sean_goods_content` `b` ON `a`.`id`=`b`.`goods_id` WHERE  `b`.`goods_putaway` = '1' LIMIT 3 [ RunTime:0.000450s ]
---------------------------------------------------------------
[ 2019-12-01T16:14:42+08:00 ] 0.0.0.0 GET www.sean.com/index/shopdateil/index/id/4.shtml
[运行时间：0.067393s] [吞吐率：14.84req/s] [内存消耗：2,642.43kb] [文件加载：56]
[ info ] [ LANG ] D:\web\phpweb\sean\thinkphp\lang\zh-cn.php
[ info ] [ DB ] INIT mysql
[ info ] [ ROUTE ] array (
  'type' => 'module',
  'module' => 
  array (
    0 => 'index',
    1 => 'shopdateil',
    2 => 'index',
  ),
)
[ info ] [ HEADER ] array (
  'cookie' => 'PHPSESSID=442e6gogce0u2o1m3iclccpj33; log-username=seanpan565%40gmail.com; log-password=0bcc6c3004249dbe3e78cd106ab5efb4',
  'accept-language' => 'zh-CN,zh;q=0.9,en;q=0.8,und;q=0.7',
  'accept-encoding' => 'gzip, deflate',
  'referer' => 'http://www.sean.com/index/shop/shoplist/id/2.shtml',
  'accept' => 'text/html,application/xhtml+xml,application/xml;q=0.9,image/webp,image/apng,*/*;q=0.8,application/signed-exchange;v=b3',
  'user-agent' => 'Mozilla/5.0 (Windows NT 10.0; Win64; x64) AppleWebKit/537.36 (KHTML, like Gecko) Chrome/78.0.3904.108 Safari/537.36',
  'upgrade-insecure-requests' => '1',
  'cache-control' => 'max-age=0',
  'connection' => 'close',
  'host' => 'www.sean.com',
)
[ info ] [ PARAM ] array (
  'id' => '4',
)
[ info ] [ SESSION ] INIT array (
  'id' => '',
  'var_session_id' => '',
  'prefix' => 'think',
  'type' => '',
  'auto_start' => true,
  'expire' => 3600,
)
[ info ] [ RUN ] app\index\controller\Shopdateil->index[ D:\web\phpweb\sean\app\index\controller\Shopdateil.php ]
[ info ] [ VIEW ] D:\web\phpweb\sean\public/../app/index\view\shopdateil\shopdateil.html [ array (
  0 => 'controller',
  1 => 'user',
  2 => 'goodsCate',
  3 => 'goodsVice',
  4 => 'goods',
  5 => 'goods_content',
  6 => 'goods_atlas',
  7 => 'goods_attr',
  8 => 'collect',
) ]
[ info ] [ LOG ] INIT File
[ sql ] [ DB ] CONNECT:[ UseTime:0.000541s ] mysql:host=127.0.0.1;port=3306;dbname=sean;charset=utf8
[ sql ] [ SQL ] SHOW COLUMNS FROM `sean_urlconfig` [ RunTime:0.003780s ]
[ sql ] [ SQL ] SELECT `aliases`,`url` FROM `sean_urlconfig` WHERE  `status` = 1 [ RunTime:0.000192s ]
[ sql ] [ SQL ] SHOW COLUMNS FROM `sean_user` [ RunTime:0.005878s ]
[ sql ] [ SQL ] SELECT `id`,`user_name` FROM `sean_user` WHERE  `id` = 1 LIMIT 1 [ RunTime:0.000211s ]
[ sql ] [ SQL ] SHOW COLUMNS FROM `sean_goods` [ RunTime:0.003570s ]
[ sql ] [ SQL ] SELECT * FROM `sean_goods` WHERE  `id` = 4 LIMIT 1 [ RunTime:0.000247s ]
[ sql ] [ SQL ] SHOW COLUMNS FROM `sean_goods_content` [ RunTime:0.003784s ]
[ sql ] [ SQL ] SELECT * FROM `sean_goods_content` WHERE  `goods_id` = 4 [ RunTime:0.000257s ]
[ sql ] [ SQL ] SHOW COLUMNS FROM `sean_goods_atlas` [ RunTime:0.003533s ]
[ sql ] [ SQL ] SELECT * FROM `sean_goods_atlas` WHERE  `goods_id` = 4 [ RunTime:0.000470s ]
[ sql ] [ SQL ] SHOW COLUMNS FROM `sean_goods_attr` [ RunTime:0.004253s ]
[ sql ] [ SQL ] SELECT * FROM `sean_goods_attr` WHERE  `goods_id` = 4 [ RunTime:0.000214s ]
[ sql ] [ SQL ] SHOW COLUMNS FROM `sean_goods_collect` [ RunTime:0.003480s ]
[ sql ] [ SQL ] SELECT * FROM `sean_goods_collect` WHERE  `goods_id` = 4  AND `user_id` = 1 LIMIT 1 [ RunTime:0.000252s ]
[ sql ] [ SQL ] SHOW COLUMNS FROM `sean_goods_cate` [ RunTime:0.003427s ]
[ sql ] [ SQL ] SELECT * FROM `sean_goods_cate` [ RunTime:0.000204s ]
[ sql ] [ SQL ] SELECT * FROM `sean_goods` `a` LEFT JOIN `sean_goods_content` `b` ON `a`.`id`=`b`.`goods_id` WHERE  `b`.`goods_putaway` = '1' LIMIT 3 [ RunTime:0.000458s ]
---------------------------------------------------------------
[ 2019-12-01T16:14:54+08:00 ] 0.0.0.0 GET www.sean.com/index/cart/index.shtml
[运行时间：0.174219s] [吞吐率：5.74req/s] [内存消耗：2,192.89kb] [文件加载：52]
[ info ] [ LANG ] D:\web\phpweb\sean\thinkphp\lang\zh-cn.php
[ info ] [ DB ] INIT mysql
[ info ] [ ROUTE ] array (
  'type' => 'module',
  'module' => 
  array (
    0 => 'index',
    1 => 'cart',
    2 => 'index',
  ),
)
[ info ] [ HEADER ] array (
  'cookie' => 'PHPSESSID=442e6gogce0u2o1m3iclccpj33; log-username=seanpan565%40gmail.com; log-password=0bcc6c3004249dbe3e78cd106ab5efb4',
  'accept-language' => 'zh-CN,zh;q=0.9,en;q=0.8,und;q=0.7',
  'accept-encoding' => 'gzip, deflate',
  'referer' => 'http://www.sean.com/index/shopdateil/index/id/4.shtml',
  'accept' => 'text/html,application/xhtml+xml,application/xml;q=0.9,image/webp,image/apng,*/*;q=0.8,application/signed-exchange;v=b3',
  'user-agent' => 'Mozilla/5.0 (Windows NT 10.0; Win64; x64) AppleWebKit/537.36 (KHTML, like Gecko) Chrome/78.0.3904.108 Safari/537.36',
  'upgrade-insecure-requests' => '1',
  'connection' => 'close',
  'host' => 'www.sean.com',
)
[ info ] [ PARAM ] array (
)
[ info ] [ SESSION ] INIT array (
  'id' => '',
  'var_session_id' => '',
  'prefix' => 'think',
  'type' => '',
  'auto_start' => true,
  'expire' => 3600,
)
[ info ] [ RUN ] app\index\controller\Cart->index[ D:\web\phpweb\sean\app\index\controller\Cart.php ]
[ info ] [ VIEW ] D:\web\phpweb\sean\public/../app/index\view\cart\cart.html [ array (
  0 => 'controller',
  1 => 'user',
) ]
[ info ] [ LOG ] INIT File
[ sql ] [ DB ] CONNECT:[ UseTime:0.000659s ] mysql:host=127.0.0.1;port=3306;dbname=sean;charset=utf8
[ sql ] [ SQL ] SHOW COLUMNS FROM `sean_urlconfig` [ RunTime:0.130639s ]
[ sql ] [ SQL ] SELECT `aliases`,`url` FROM `sean_urlconfig` WHERE  `status` = 1 [ RunTime:0.000228s ]
[ sql ] [ SQL ] SHOW COLUMNS FROM `sean_user` [ RunTime:0.004875s ]
[ sql ] [ SQL ] SELECT `id`,`user_name` FROM `sean_user` WHERE  `id` = 1 LIMIT 1 [ RunTime:0.000292s ]
---------------------------------------------------------------
[ 2019-12-01T16:17:24+08:00 ] 0.0.0.0 GET www.sean.com/index/cart/shop-detail.html
[运行时间：0.054681s] [吞吐率：18.29req/s] [内存消耗：2,146.96kb] [文件加载：53]
[ info ] [ LANG ] D:\web\phpweb\sean\thinkphp\lang\zh-cn.php
[ info ] [ DB ] INIT mysql
[ info ] [ ROUTE ] array (
  'type' => 'module',
  'module' => 
  array (
    0 => 'index',
    1 => 'cart',
    2 => 'shop-detail.html',
  ),
)
[ info ] [ HEADER ] array (
  'cookie' => 'PHPSESSID=442e6gogce0u2o1m3iclccpj33; log-username=seanpan565%40gmail.com; log-password=0bcc6c3004249dbe3e78cd106ab5efb4; adminer_version=4.7.5',
  'accept-language' => 'zh-CN,zh;q=0.9,en;q=0.8,und;q=0.7',
  'accept-encoding' => 'gzip, deflate',
  'referer' => 'http://www.sean.com/index/cart/index.shtml',
  'accept' => 'text/html,application/xhtml+xml,application/xml;q=0.9,image/webp,image/apng,*/*;q=0.8,application/signed-exchange;v=b3',
  'user-agent' => 'Mozilla/5.0 (Windows NT 10.0; Win64; x64) AppleWebKit/537.36 (KHTML, like Gecko) Chrome/78.0.3904.108 Safari/537.36',
  'upgrade-insecure-requests' => '1',
  'connection' => 'close',
  'host' => 'www.sean.com',
)
[ info ] [ PARAM ] array (
)
[ info ] [ SESSION ] INIT array (
  'id' => '',
  'var_session_id' => '',
  'prefix' => 'think',
  'type' => '',
  'auto_start' => true,
  'expire' => 3600,
)
[ info ] [ LOG ] INIT File
[ sql ] [ DB ] CONNECT:[ UseTime:0.000530s ] mysql:host=127.0.0.1;port=3306;dbname=sean;charset=utf8
[ sql ] [ SQL ] SHOW COLUMNS FROM `sean_urlconfig` [ RunTime:0.004113s ]
[ sql ] [ SQL ] SELECT `aliases`,`url` FROM `sean_urlconfig` WHERE  `status` = 1 [ RunTime:0.000386s ]
[ sql ] [ SQL ] SHOW COLUMNS FROM `sean_user` [ RunTime:0.004324s ]
[ sql ] [ SQL ] SELECT `id`,`user_name` FROM `sean_user` WHERE  `id` = 1 LIMIT 1 [ RunTime:0.000338s ]
---------------------------------------------------------------
[ 2019-12-01T16:17:25+08:00 ] 0.0.0.0 GET www.sean.com/index/cart/index.shtml
[运行时间：0.071508s] [吞吐率：13.98req/s] [内存消耗：2,192.89kb] [文件加载：52]
[ info ] [ LANG ] D:\web\phpweb\sean\thinkphp\lang\zh-cn.php
[ info ] [ DB ] INIT mysql
[ info ] [ ROUTE ] array (
  'type' => 'module',
  'module' => 
  array (
    0 => 'index',
    1 => 'cart',
    2 => 'index',
  ),
)
[ info ] [ HEADER ] array (
  'cookie' => 'PHPSESSID=442e6gogce0u2o1m3iclccpj33; log-username=seanpan565%40gmail.com; log-password=0bcc6c3004249dbe3e78cd106ab5efb4; adminer_version=4.7.5',
  'accept-language' => 'zh-CN,zh;q=0.9,en;q=0.8,und;q=0.7',
  'accept-encoding' => 'gzip, deflate',
  'referer' => 'http://www.sean.com/index/shopdateil/index/id/4.shtml',
  'accept' => 'text/html,application/xhtml+xml,application/xml;q=0.9,image/webp,image/apng,*/*;q=0.8,application/signed-exchange;v=b3',
  'user-agent' => 'Mozilla/5.0 (Windows NT 10.0; Win64; x64) AppleWebKit/537.36 (KHTML, like Gecko) Chrome/78.0.3904.108 Safari/537.36',
  'upgrade-insecure-requests' => '1',
  'connection' => 'close',
  'host' => 'www.sean.com',
)
[ info ] [ PARAM ] array (
)
[ info ] [ SESSION ] INIT array (
  'id' => '',
  'var_session_id' => '',
  'prefix' => 'think',
  'type' => '',
  'auto_start' => true,
  'expire' => 3600,
)
[ info ] [ RUN ] app\index\controller\Cart->index[ D:\web\phpweb\sean\app\index\controller\Cart.php ]
[ info ] [ VIEW ] D:\web\phpweb\sean\public/../app/index\view\cart\cart.html [ array (
  0 => 'controller',
  1 => 'user',
) ]
[ info ] [ LOG ] INIT File
[ sql ] [ DB ] CONNECT:[ UseTime:0.000532s ] mysql:host=127.0.0.1;port=3306;dbname=sean;charset=utf8
[ sql ] [ SQL ] SHOW COLUMNS FROM `sean_urlconfig` [ RunTime:0.034805s ]
[ sql ] [ SQL ] SELECT `aliases`,`url` FROM `sean_urlconfig` WHERE  `status` = 1 [ RunTime:0.000207s ]
[ sql ] [ SQL ] SHOW COLUMNS FROM `sean_user` [ RunTime:0.007396s ]
[ sql ] [ SQL ] SELECT `id`,`user_name` FROM `sean_user` WHERE  `id` = 1 LIMIT 1 [ RunTime:0.000202s ]
---------------------------------------------------------------
[ 2019-12-01T16:17:26+08:00 ] 0.0.0.0 GET www.sean.com/index/shopdateil/index/id/4.shtml
[运行时间：0.112720s] [吞吐率：8.87req/s] [内存消耗：2,488.44kb] [文件加载：54]
[ info ] [ LANG ] D:\web\phpweb\sean\thinkphp\lang\zh-cn.php
[ info ] [ DB ] INIT mysql
[ info ] [ ROUTE ] array (
  'type' => 'module',
  'module' => 
  array (
    0 => 'index',
    1 => 'shopdateil',
    2 => 'index',
  ),
)
[ info ] [ HEADER ] array (
  'cookie' => 'PHPSESSID=442e6gogce0u2o1m3iclccpj33; log-username=seanpan565%40gmail.com; log-password=0bcc6c3004249dbe3e78cd106ab5efb4; adminer_version=4.7.5',
  'accept-language' => 'zh-CN,zh;q=0.9,en;q=0.8,und;q=0.7',
  'accept-encoding' => 'gzip, deflate',
  'referer' => 'http://www.sean.com/index/shop/shoplist/id/2.shtml',
  'accept' => 'text/html,application/xhtml+xml,application/xml;q=0.9,image/webp,image/apng,*/*;q=0.8,application/signed-exchange;v=b3',
  'user-agent' => 'Mozilla/5.0 (Windows NT 10.0; Win64; x64) AppleWebKit/537.36 (KHTML, like Gecko) Chrome/78.0.3904.108 Safari/537.36',
  'upgrade-insecure-requests' => '1',
  'connection' => 'close',
  'host' => 'www.sean.com',
)
[ info ] [ PARAM ] array (
  'id' => '4',
)
[ info ] [ SESSION ] INIT array (
  'id' => '',
  'var_session_id' => '',
  'prefix' => 'think',
  'type' => '',
  'auto_start' => true,
  'expire' => 3600,
)
[ info ] [ RUN ] app\index\controller\Shopdateil->index[ D:\web\phpweb\sean\app\index\controller\Shopdateil.php ]
[ info ] [ VIEW ] D:\web\phpweb\sean\public/../app/index\view\shopdateil\shopdateil.html [ array (
  0 => 'controller',
  1 => 'user',
  2 => 'goodsCate',
  3 => 'goodsVice',
  4 => 'goods',
  5 => 'goods_content',
  6 => 'goods_atlas',
  7 => 'goods_attr',
  8 => 'collect',
) ]
[ info ] [ LOG ] INIT File
[ sql ] [ DB ] CONNECT:[ UseTime:0.002173s ] mysql:host=127.0.0.1;port=3306;dbname=sean;charset=utf8
[ sql ] [ SQL ] SHOW COLUMNS FROM `sean_urlconfig` [ RunTime:0.034815s ]
[ sql ] [ SQL ] SELECT `aliases`,`url` FROM `sean_urlconfig` WHERE  `status` = 1 [ RunTime:0.000256s ]
[ sql ] [ SQL ] SHOW COLUMNS FROM `sean_user` [ RunTime:0.004101s ]
[ sql ] [ SQL ] SELECT `id`,`user_name` FROM `sean_user` WHERE  `id` = 1 LIMIT 1 [ RunTime:0.000213s ]
[ sql ] [ SQL ] SHOW COLUMNS FROM `sean_goods` [ RunTime:0.005665s ]
[ sql ] [ SQL ] SELECT * FROM `sean_goods` WHERE  `id` = 4 LIMIT 1 [ RunTime:0.000409s ]
[ sql ] [ SQL ] SHOW COLUMNS FROM `sean_goods_content` [ RunTime:0.004302s ]
[ sql ] [ SQL ] SELECT * FROM `sean_goods_content` WHERE  `goods_id` = 4 [ RunTime:0.000364s ]
[ sql ] [ SQL ] SHOW COLUMNS FROM `sean_goods_atlas` [ RunTime:0.003821s ]
[ sql ] [ SQL ] SELECT * FROM `sean_goods_atlas` WHERE  `goods_id` = 4 [ RunTime:0.000241s ]
[ sql ] [ SQL ] SHOW COLUMNS FROM `sean_goods_attr` [ RunTime:0.004749s ]
[ sql ] [ SQL ] SELECT * FROM `sean_goods_attr` WHERE  `goods_id` = 4 [ RunTime:0.000381s ]
[ sql ] [ SQL ] SHOW COLUMNS FROM `sean_goods_collect` [ RunTime:0.011187s ]
[ sql ] [ SQL ] SELECT * FROM `sean_goods_collect` WHERE  `goods_id` = 4  AND `user_id` = 1 LIMIT 1 [ RunTime:0.000265s ]
[ sql ] [ SQL ] SHOW COLUMNS FROM `sean_goods_cate` [ RunTime:0.004780s ]
[ sql ] [ SQL ] SELECT * FROM `sean_goods_cate` [ RunTime:0.000266s ]
[ sql ] [ SQL ] SELECT * FROM `sean_goods` `a` LEFT JOIN `sean_goods_content` `b` ON `a`.`id`=`b`.`goods_id` WHERE  `b`.`goods_putaway` = '1' LIMIT 3 [ RunTime:0.000455s ]
---------------------------------------------------------------
[ 2019-12-01T16:17:35+08:00 ] 0.0.0.0 GET www.sean.com/index/cart/index.shtml
[运行时间：0.072861s] [吞吐率：13.72req/s] [内存消耗：2,192.89kb] [文件加载：52]
[ info ] [ LANG ] D:\web\phpweb\sean\thinkphp\lang\zh-cn.php
[ info ] [ DB ] INIT mysql
[ info ] [ ROUTE ] array (
  'type' => 'module',
  'module' => 
  array (
    0 => 'index',
    1 => 'cart',
    2 => 'index',
  ),
)
[ info ] [ HEADER ] array (
  'cookie' => 'PHPSESSID=442e6gogce0u2o1m3iclccpj33; log-username=seanpan565%40gmail.com; log-password=0bcc6c3004249dbe3e78cd106ab5efb4; adminer_version=4.7.5',
  'accept-language' => 'zh-CN,zh;q=0.9,en;q=0.8,und;q=0.7',
  'accept-encoding' => 'gzip, deflate',
  'referer' => 'http://www.sean.com/index/shopdateil/index/id/4.shtml',
  'accept' => 'text/html,application/xhtml+xml,application/xml;q=0.9,image/webp,image/apng,*/*;q=0.8,application/signed-exchange;v=b3',
  'user-agent' => 'Mozilla/5.0 (Windows NT 10.0; Win64; x64) AppleWebKit/537.36 (KHTML, like Gecko) Chrome/78.0.3904.108 Safari/537.36',
  'upgrade-insecure-requests' => '1',
  'connection' => 'close',
  'host' => 'www.sean.com',
)
[ info ] [ PARAM ] array (
)
[ info ] [ SESSION ] INIT array (
  'id' => '',
  'var_session_id' => '',
  'prefix' => 'think',
  'type' => '',
  'auto_start' => true,
  'expire' => 3600,
)
[ info ] [ RUN ] app\index\controller\Cart->index[ D:\web\phpweb\sean\app\index\controller\Cart.php ]
[ info ] [ VIEW ] D:\web\phpweb\sean\public/../app/index\view\cart\cart.html [ array (
  0 => 'controller',
  1 => 'user',
) ]
[ info ] [ LOG ] INIT File
[ sql ] [ DB ] CONNECT:[ UseTime:0.000556s ] mysql:host=127.0.0.1;port=3306;dbname=sean;charset=utf8
[ sql ] [ SQL ] SHOW COLUMNS FROM `sean_urlconfig` [ RunTime:0.034795s ]
[ sql ] [ SQL ] SELECT `aliases`,`url` FROM `sean_urlconfig` WHERE  `status` = 1 [ RunTime:0.000209s ]
[ sql ] [ SQL ] SHOW COLUMNS FROM `sean_user` [ RunTime:0.003886s ]
[ sql ] [ SQL ] SELECT `id`,`user_name` FROM `sean_user` WHERE  `id` = 1 LIMIT 1 [ RunTime:0.000221s ]
---------------------------------------------------------------
[ 2019-12-01T16:21:53+08:00 ] 0.0.0.0 GET www.sean.com/index/shop/index.shtml
[运行时间：0.070623s] [吞吐率：14.16req/s] [内存消耗：2,545.66kb] [文件加载：58]
[ info ] [ LANG ] D:\web\phpweb\sean\thinkphp\lang\zh-cn.php
[ info ] [ DB ] INIT mysql
[ info ] [ ROUTE ] array (
  'type' => 'module',
  'module' => 
  array (
    0 => 'index',
    1 => 'shop',
    2 => 'index',
  ),
)
[ info ] [ HEADER ] array (
  'cookie' => 'PHPSESSID=442e6gogce0u2o1m3iclccpj33; log-username=seanpan565%40gmail.com; log-password=0bcc6c3004249dbe3e78cd106ab5efb4; adminer_version=4.7.5',
  'accept-language' => 'zh-CN,zh;q=0.9,en;q=0.8,und;q=0.7',
  'accept-encoding' => 'gzip, deflate',
  'referer' => 'http://www.sean.com/index/cart/index.shtml',
  'accept' => 'text/html,application/xhtml+xml,application/xml;q=0.9,image/webp,image/apng,*/*;q=0.8,application/signed-exchange;v=b3',
  'user-agent' => 'Mozilla/5.0 (Windows NT 10.0; Win64; x64) AppleWebKit/537.36 (KHTML, like Gecko) Chrome/78.0.3904.108 Safari/537.36',
  'upgrade-insecure-requests' => '1',
  'connection' => 'close',
  'host' => 'www.sean.com',
)
[ info ] [ PARAM ] array (
)
[ info ] [ SESSION ] INIT array (
  'id' => '',
  'var_session_id' => '',
  'prefix' => 'think',
  'type' => '',
  'auto_start' => true,
  'expire' => 3600,
)
[ info ] [ RUN ] app\index\controller\Shop->index[ D:\web\phpweb\sean\app\index\controller\Shop.php ]
[ info ] [ VIEW ] D:\web\phpweb\sean\public/../app/index\view\shop\shop.html [ array (
  0 => 'controller',
  1 => 'user',
  2 => 'goodsCate',
  3 => 'goodsVice',
  4 => 'goodsList',
  5 => 'collect',
) ]
[ info ] [ LOG ] INIT File
[ sql ] [ DB ] CONNECT:[ UseTime:0.000998s ] mysql:host=127.0.0.1;port=3306;dbname=sean;charset=utf8
[ sql ] [ SQL ] SHOW COLUMNS FROM `sean_urlconfig` [ RunTime:0.003996s ]
[ sql ] [ SQL ] SELECT `aliases`,`url` FROM `sean_urlconfig` WHERE  `status` = 1 [ RunTime:0.000280s ]
[ sql ] [ SQL ] SHOW COLUMNS FROM `sean_user` [ RunTime:0.005037s ]
[ sql ] [ SQL ] SELECT `id`,`user_name` FROM `sean_user` WHERE  `id` = 1 LIMIT 1 [ RunTime:0.000343s ]
[ sql ] [ SQL ] SHOW COLUMNS FROM `sean_goods` [ RunTime:0.005084s ]
[ sql ] [ SQL ] SELECT COUNT(*) AS tp_count FROM `sean_goods` `a` LEFT JOIN `sean_goods_content` `b` ON `a`.`id`=`b`.`goods_id` WHERE  `b`.`goods_putaway` = 1 LIMIT 1 [ RunTime:0.000457s ]
[ sql ] [ SQL ] SELECT `a`.`id`,`a`.`goods_cate_id`,`a`.`goods_name`,`a`.`goods_price`,`a`.`goods_vip`,`a`.`goods_thumb`,`b`.`goods_sales`,`b`.`goods_id`,`b`.`goods_putaway`,`b`.`goods_recommend`,`b`.`goods_collect`,`b`.`goods_inventory` FROM `sean_goods` `a` LEFT JOIN `sean_goods_content` `b` ON `a`.`id`=`b`.`goods_id` WHERE  `b`.`goods_putaway` = 1 LIMIT 0,15 [ RunTime:0.000441s ]
[ sql ] [ SQL ] SHOW COLUMNS FROM `sean_goods_cate` [ RunTime:0.004162s ]
[ sql ] [ SQL ] SELECT * FROM `sean_goods_cate` [ RunTime:0.000234s ]
[ sql ] [ SQL ] SHOW COLUMNS FROM `sean_goods_collect` [ RunTime:0.004283s ]
[ sql ] [ SQL ] SELECT `goods_id` FROM `sean_goods_collect` WHERE  `user_id` = 1 [ RunTime:0.000208s ]
[ sql ] [ SQL ] SELECT * FROM `sean_goods` `a` LEFT JOIN `sean_goods_content` `b` ON `a`.`id`=`b`.`goods_id` WHERE  `b`.`goods_putaway` = '1' LIMIT 3 [ RunTime:0.000291s ]
---------------------------------------------------------------
[ 2019-12-01T16:21:54+08:00 ] 0.0.0.0 GET www.sean.com/index/shopdateil/index/id/1.shtml
[运行时间：0.079490s] [吞吐率：12.58req/s] [内存消耗：2,489.34kb] [文件加载：54]
[ info ] [ LANG ] D:\web\phpweb\sean\thinkphp\lang\zh-cn.php
[ info ] [ DB ] INIT mysql
[ info ] [ ROUTE ] array (
  'type' => 'module',
  'module' => 
  array (
    0 => 'index',
    1 => 'shopdateil',
    2 => 'index',
  ),
)
[ info ] [ HEADER ] array (
  'cookie' => 'PHPSESSID=442e6gogce0u2o1m3iclccpj33; log-username=seanpan565%40gmail.com; log-password=0bcc6c3004249dbe3e78cd106ab5efb4; adminer_version=4.7.5',
  'accept-language' => 'zh-CN,zh;q=0.9,en;q=0.8,und;q=0.7',
  'accept-encoding' => 'gzip, deflate',
  'referer' => 'http://www.sean.com/index/shop/index.shtml',
  'accept' => 'text/html,application/xhtml+xml,application/xml;q=0.9,image/webp,image/apng,*/*;q=0.8,application/signed-exchange;v=b3',
  'user-agent' => 'Mozilla/5.0 (Windows NT 10.0; Win64; x64) AppleWebKit/537.36 (KHTML, like Gecko) Chrome/78.0.3904.108 Safari/537.36',
  'upgrade-insecure-requests' => '1',
  'connection' => 'close',
  'host' => 'www.sean.com',
)
[ info ] [ PARAM ] array (
  'id' => '1',
)
[ info ] [ SESSION ] INIT array (
  'id' => '',
  'var_session_id' => '',
  'prefix' => 'think',
  'type' => '',
  'auto_start' => true,
  'expire' => 3600,
)
[ info ] [ RUN ] app\index\controller\Shopdateil->index[ D:\web\phpweb\sean\app\index\controller\Shopdateil.php ]
[ info ] [ VIEW ] D:\web\phpweb\sean\public/../app/index\view\shopdateil\shopdateil.html [ array (
  0 => 'controller',
  1 => 'user',
  2 => 'goodsCate',
  3 => 'goodsVice',
  4 => 'goods',
  5 => 'goods_content',
  6 => 'goods_atlas',
  7 => 'goods_attr',
  8 => 'collect',
) ]
[ info ] [ LOG ] INIT File
[ sql ] [ DB ] CONNECT:[ UseTime:0.000596s ] mysql:host=127.0.0.1;port=3306;dbname=sean;charset=utf8
[ sql ] [ SQL ] SHOW COLUMNS FROM `sean_urlconfig` [ RunTime:0.006575s ]
[ sql ] [ SQL ] SELECT `aliases`,`url` FROM `sean_urlconfig` WHERE  `status` = 1 [ RunTime:0.000228s ]
[ sql ] [ SQL ] SHOW COLUMNS FROM `sean_user` [ RunTime:0.005995s ]
[ sql ] [ SQL ] SELECT `id`,`user_name` FROM `sean_user` WHERE  `id` = 1 LIMIT 1 [ RunTime:0.000206s ]
[ sql ] [ SQL ] SHOW COLUMNS FROM `sean_goods` [ RunTime:0.003622s ]
[ sql ] [ SQL ] SELECT * FROM `sean_goods` WHERE  `id` = 1 LIMIT 1 [ RunTime:0.000278s ]
[ sql ] [ SQL ] SHOW COLUMNS FROM `sean_goods_content` [ RunTime:0.005607s ]
[ sql ] [ SQL ] SELECT * FROM `sean_goods_content` WHERE  `goods_id` = 1 [ RunTime:0.000310s ]
[ sql ] [ SQL ] SHOW COLUMNS FROM `sean_goods_atlas` [ RunTime:0.003725s ]
[ sql ] [ SQL ] SELECT * FROM `sean_goods_atlas` WHERE  `goods_id` = 1 [ RunTime:0.000222s ]
[ sql ] [ SQL ] SHOW COLUMNS FROM `sean_goods_attr` [ RunTime:0.003651s ]
[ sql ] [ SQL ] SELECT * FROM `sean_goods_attr` WHERE  `goods_id` = 1 [ RunTime:0.000212s ]
[ sql ] [ SQL ] SHOW COLUMNS FROM `sean_goods_collect` [ RunTime:0.003903s ]
[ sql ] [ SQL ] SELECT * FROM `sean_goods_collect` WHERE  `goods_id` = 1  AND `user_id` = 1 LIMIT 1 [ RunTime:0.000235s ]
[ sql ] [ SQL ] SHOW COLUMNS FROM `sean_goods_cate` [ RunTime:0.004298s ]
[ sql ] [ SQL ] SELECT * FROM `sean_goods_cate` [ RunTime:0.000296s ]
[ sql ] [ SQL ] SELECT * FROM `sean_goods` `a` LEFT JOIN `sean_goods_content` `b` ON `a`.`id`=`b`.`goods_id` WHERE  `b`.`goods_putaway` = '1' LIMIT 3 [ RunTime:0.000322s ]
