---------------------------------------------------------------
[ 2019-12-11T12:54:04+08:00 ] 0.0.0.0 GET www.sean.com/index/Order/buy/goods_id/3/goods_count/1
[运行时间：0.228455s] [吞吐率：4.38req/s] [内存消耗：2,046.39kb] [文件加载：49]
[ info ] [ LANG ] D:\web\phpweb\sean\thinkphp\lang\zh-cn.php
[ info ] [ DB ] INIT mysql
[ info ] [ ROUTE ] array (
  'type' => 'module',
  'module' => 
  array (
    0 => 'index',
    1 => 'Order',
    2 => 'buy',
  ),
)
[ info ] [ HEADER ] array (
  'cookie' => 'PHPSESSID=442e6gogce0u2o1m3iclccpj33; log-username=seanpan565%40gmail.com; log-password=0bcc6c3004249dbe3e78cd106ab5efb4',
  'accept-language' => 'zh-CN,zh;q=0.9,en;q=0.8,und;q=0.7',
  'accept-encoding' => 'gzip, deflate',
  'referer' => 'http://www.sean.com/index/shopdateil/index/id/3.shtml',
  'accept' => 'text/html,application/xhtml+xml,application/xml;q=0.9,image/webp,image/apng,*/*;q=0.8,application/signed-exchange;v=b3',
  'user-agent' => 'Mozilla/5.0 (Windows NT 10.0; Win64; x64) AppleWebKit/537.36 (KHTML, like Gecko) Chrome/78.0.3904.108 Safari/537.36',
  'upgrade-insecure-requests' => '1',
  'cache-control' => 'no-cache',
  'pragma' => 'no-cache',
  'connection' => 'close',
  'host' => 'www.sean.com',
)
[ info ] [ PARAM ] array (
  'goods_id' => '3',
  'goods_count' => '1',
)
[ info ] [ SESSION ] INIT array (
  'id' => '',
  'var_session_id' => '',
  'prefix' => 'think',
  'type' => '',
  'auto_start' => true,
  'expire' => 3600,
)
[ info ] [ RUN ] app\index\controller\Order->buy[ D:\web\phpweb\sean\app\index\controller\Order.php ]
[ info ] [ LOG ] INIT File
[ sql ] [ DB ] CONNECT:[ UseTime:0.033610s ] mysql:host=127.0.0.1;port=3306;dbname=sean;charset=utf8
[ sql ] [ SQL ] SHOW COLUMNS FROM `sean_urlconfig` [ RunTime:0.048726s ]
[ sql ] [ SQL ] SELECT `aliases`,`url` FROM `sean_urlconfig` WHERE  `status` = 1 [ RunTime:0.002174s ]
[ sql ] [ SQL ] SHOW COLUMNS FROM `sean_user` [ RunTime:0.009172s ]
[ sql ] [ SQL ] SELECT `id`,`user_name` FROM `sean_user` WHERE  `id` = 1 LIMIT 1 [ RunTime:0.001307s ]
---------------------------------------------------------------
[ 2019-12-11T12:54:04+08:00 ] 0.0.0.0 GET www.sean.com/admin/index/index.shtml
[运行时间：0.291435s] [吞吐率：3.43req/s] [内存消耗：2,266.22kb] [文件加载：52]
[ info ] [ LANG ] D:\web\phpweb\sean\thinkphp\lang\zh-cn.php
[ info ] [ DB ] INIT mysql
[ info ] [ ROUTE ] array (
  'type' => 'module',
  'module' => 
  array (
    0 => 'admin',
    1 => 'index',
    2 => 'index',
  ),
)
[ info ] [ HEADER ] array (
  'cookie' => 'PHPSESSID=442e6gogce0u2o1m3iclccpj33; log-username=seanpan565%40gmail.com; log-password=0bcc6c3004249dbe3e78cd106ab5efb4',
  'accept-language' => 'zh-CN,zh;q=0.9,en;q=0.8,und;q=0.7',
  'accept-encoding' => 'gzip, deflate',
  'accept' => 'text/html,application/xhtml+xml,application/xml;q=0.9,image/webp,image/apng,*/*;q=0.8,application/signed-exchange;v=b3',
  'user-agent' => 'Mozilla/5.0 (Windows NT 10.0; Win64; x64) AppleWebKit/537.36 (KHTML, like Gecko) Chrome/78.0.3904.108 Safari/537.36',
  'upgrade-insecure-requests' => '1',
  'cache-control' => 'no-cache',
  'pragma' => 'no-cache',
  'connection' => 'close',
  'host' => 'www.sean.com',
)
[ info ] [ PARAM ] array (
)
[ info ] [ SESSION ] INIT array (
  'id' => '',
  'var_session_id' => '',
  'prefix' => 'think',
  'type' => '',
  'auto_start' => true,
  'expire' => 3600,
)
[ info ] [ RUN ] app\admin\controller\Index->index[ D:\web\phpweb\sean\app\admin\controller\Index.php ]
[ info ] [ VIEW ] D:\web\phpweb\sean\public/../app/admin\view\index\index.html [ array (
  0 => 'menus',
  1 => 'cookie',
) ]
[ info ] [ LOG ] INIT File
[ sql ] [ DB ] CONNECT:[ UseTime:0.040332s ] mysql:host=127.0.0.1;port=3306;dbname=sean;charset=utf8
[ sql ] [ SQL ] SHOW COLUMNS FROM `sean_urlconfig` [ RunTime:0.046877s ]
[ sql ] [ SQL ] SELECT `aliases`,`url` FROM `sean_urlconfig` WHERE  `status` = 1 [ RunTime:0.002180s ]
[ sql ] [ SQL ] SHOW COLUMNS FROM `sean_webconfig` [ RunTime:0.011822s ]
[ sql ] [ SQL ] SELECT `black_ip` FROM `sean_webconfig` WHERE  `web` = 'web' LIMIT 1 [ RunTime:0.002713s ]
[ sql ] [ SQL ] SHOW COLUMNS FROM `sean_admin_cate` [ RunTime:0.007198s ]
[ sql ] [ SQL ] SELECT `permissions` FROM `sean_admin_cate` WHERE  `id` = 1 LIMIT 1 [ RunTime:0.000375s ]
[ sql ] [ SQL ] SHOW COLUMNS FROM `sean_admin_menu` [ RunTime:0.007421s ]
[ sql ] [ SQL ] SELECT * FROM `sean_admin_menu` WHERE  `module` = 'admin'  AND `controller` = 'Index'  AND `function` = 'index'  AND `type` = 1 LIMIT 1 [ RunTime:0.002902s ]
[ sql ] [ SQL ] SELECT * FROM `sean_admin_menu` WHERE  `is_display` = 1 ORDER BY `orders` ASC [ RunTime:0.001514s ]
[ sql ] [ SQL ] SELECT `permissions` FROM `sean_admin_cate` WHERE  `id` = 1 LIMIT 1 [ RunTime:0.000299s ]
[ sql ] [ SQL ] SHOW COLUMNS FROM `sean_admin` [ RunTime:0.011647s ]
[ sql ] [ SQL ] SELECT * FROM `sean_admin` WHERE  `id` = 1 LIMIT 1 [ RunTime:0.000468s ]
[ sql ] [ SQL ] SHOW COLUMNS FROM `sean_attachment` [ RunTime:0.013656s ]
[ sql ] [ SQL ] SELECT * FROM `sean_attachment` WHERE  `id` = 5 LIMIT 1 [ RunTime:0.004738s ]
---------------------------------------------------------------
[ 2019-12-11T12:54:11+08:00 ] 0.0.0.0 GET www.sean.com/admin/main/index
[运行时间：0.092509s] [吞吐率：10.81req/s] [内存消耗：2,146.15kb] [文件加载：52]
[ info ] [ LANG ] D:\web\phpweb\sean\thinkphp\lang\zh-cn.php
[ info ] [ DB ] INIT mysql
[ info ] [ ROUTE ] array (
  'type' => 'module',
  'module' => 
  array (
    0 => 'admin',
    1 => 'main',
    2 => 'index',
  ),
)
[ info ] [ HEADER ] array (
  'cookie' => 'PHPSESSID=442e6gogce0u2o1m3iclccpj33; log-username=seanpan565%40gmail.com; log-password=0bcc6c3004249dbe3e78cd106ab5efb4; adminer_version=4.7.5',
  'accept-language' => 'zh-CN,zh;q=0.9,en;q=0.8,und;q=0.7',
  'accept-encoding' => 'gzip, deflate',
  'referer' => 'http://www.sean.com/admin/index/index.shtml',
  'accept' => 'text/html,application/xhtml+xml,application/xml;q=0.9,image/webp,image/apng,*/*;q=0.8,application/signed-exchange;v=b3',
  'user-agent' => 'Mozilla/5.0 (Windows NT 10.0; Win64; x64) AppleWebKit/537.36 (KHTML, like Gecko) Chrome/78.0.3904.108 Safari/537.36',
  'upgrade-insecure-requests' => '1',
  'connection' => 'close',
  'host' => 'www.sean.com',
)
[ info ] [ PARAM ] array (
)
[ info ] [ SESSION ] INIT array (
  'id' => '',
  'var_session_id' => '',
  'prefix' => 'think',
  'type' => '',
  'auto_start' => true,
  'expire' => 3600,
)
[ info ] [ RUN ] app\admin\controller\Main->index[ D:\web\phpweb\sean\app\admin\controller\Main.php ]
[ info ] [ VIEW ] D:\web\phpweb\sean\public/../app/admin\view\main\index.html [ array (
  0 => 'info',
  1 => 'web',
) ]
[ info ] [ LOG ] INIT File
[ sql ] [ DB ] CONNECT:[ UseTime:0.000689s ] mysql:host=127.0.0.1;port=3306;dbname=sean;charset=utf8
[ sql ] [ SQL ] SHOW COLUMNS FROM `sean_urlconfig` [ RunTime:0.004138s ]
[ sql ] [ SQL ] SELECT `aliases`,`url` FROM `sean_urlconfig` WHERE  `status` = 1 [ RunTime:0.000261s ]
[ sql ] [ SQL ] SHOW COLUMNS FROM `sean_webconfig` [ RunTime:0.004302s ]
[ sql ] [ SQL ] SELECT `black_ip` FROM `sean_webconfig` WHERE  `web` = 'web' LIMIT 1 [ RunTime:0.000325s ]
[ sql ] [ SQL ] SHOW COLUMNS FROM `sean_admin_cate` [ RunTime:0.004515s ]
[ sql ] [ SQL ] SELECT `permissions` FROM `sean_admin_cate` WHERE  `id` = 1 LIMIT 1 [ RunTime:0.000337s ]
[ sql ] [ SQL ] SHOW COLUMNS FROM `sean_admin_menu` [ RunTime:0.004282s ]
[ sql ] [ SQL ] SELECT * FROM `sean_admin_menu` WHERE  `module` = 'admin'  AND `controller` = 'Main'  AND `function` = 'index'  AND `type` = 1  AND `parameter` = 'main=' LIMIT 1 [ RunTime:0.000483s ]
[ sql ] [ SQL ] SELECT * FROM `sean_admin_menu` WHERE  `module` = 'admin'  AND `controller` = 'Main'  AND `function` = 'index'  AND `type` = 1 LIMIT 1 [ RunTime:0.000361s ]
[ sql ] [ SQL ] SHOW COLUMNS FROM `sean_admin` [ RunTime:0.004323s ]
[ sql ] [ SQL ] SELECT COUNT(*) AS tp_count FROM `sean_admin` LIMIT 1 [ RunTime:0.000272s ]
[ sql ] [ SQL ] SELECT COUNT(*) AS tp_count FROM `sean_admin_cate` LIMIT 1 [ RunTime:0.000173s ]
[ sql ] [ SQL ] SELECT `black_ip` FROM `sean_webconfig` LIMIT 1 [ RunTime:0.000221s ]
[ sql ] [ SQL ] SHOW COLUMNS FROM `sean_article` [ RunTime:0.006136s ]
[ sql ] [ SQL ] SELECT COUNT(*) AS tp_count FROM `sean_article` LIMIT 1 [ RunTime:0.000227s ]
[ sql ] [ SQL ] SELECT COUNT(*) AS tp_count FROM `sean_article` WHERE  `status` = 0 LIMIT 1 [ RunTime:0.000326s ]
[ sql ] [ SQL ] SELECT COUNT(*) AS tp_count FROM `sean_article` WHERE  `is_top` = 1 LIMIT 1 [ RunTime:0.000225s ]
[ sql ] [ SQL ] SHOW COLUMNS FROM `sean_attachment` [ RunTime:0.004364s ]
[ sql ] [ SQL ] SELECT COUNT(*) AS tp_count FROM `sean_attachment` LIMIT 1 [ RunTime:0.001170s ]
[ sql ] [ SQL ] SELECT COUNT(*) AS tp_count FROM `sean_attachment` WHERE  `status` = 0 LIMIT 1 [ RunTime:0.000279s ]
[ sql ] [ SQL ] SELECT COUNT(*) AS tp_count FROM `sean_attachment` WHERE  `status` = -1 LIMIT 1 [ RunTime:0.000209s ]
[ sql ] [ SQL ] SHOW COLUMNS FROM `sean_messages` [ RunTime:0.006419s ]
[ sql ] [ SQL ] SELECT COUNT(*) AS tp_count FROM `sean_messages` LIMIT 1 [ RunTime:0.000212s ]
[ sql ] [ SQL ] SELECT COUNT(*) AS tp_count FROM `sean_messages` WHERE  `is_look` = 0 LIMIT 1 [ RunTime:0.000240s ]
[ sql ] [ SQL ] SHOW COLUMNS FROM `sean_admin_log` [ RunTime:0.005718s ]
[ sql ] [ SQL ] SELECT COUNT(*) AS tp_count FROM `sean_admin_log` WHERE  `admin_menu_id` = 50  AND ( `create_time` >= 1575216000 AND `create_time` <= 1575302400 ) LIMIT 1 [ RunTime:0.000294s ]
[ sql ] [ SQL ] SELECT COUNT(*) AS tp_count FROM `sean_admin_log` WHERE  `admin_menu_id` = 50  AND ( `create_time` >= 1575302400 AND `create_time` <= 1575388800 ) LIMIT 1 [ RunTime:0.000227s ]
[ sql ] [ SQL ] SELECT COUNT(*) AS tp_count FROM `sean_admin_log` WHERE  `admin_menu_id` = 50  AND ( `create_time` >= 1575388800 AND `create_time` <= 1575475200 ) LIMIT 1 [ RunTime:0.000268s ]
[ sql ] [ SQL ] SELECT COUNT(*) AS tp_count FROM `sean_admin_log` WHERE  `admin_menu_id` = 50  AND ( `create_time` >= 1575475200 AND `create_time` <= 1575561600 ) LIMIT 1 [ RunTime:0.000229s ]
[ sql ] [ SQL ] SELECT COUNT(*) AS tp_count FROM `sean_admin_log` WHERE  `admin_menu_id` = 50  AND ( `create_time` >= 1575561600 AND `create_time` <= 1575648000 ) LIMIT 1 [ RunTime:0.000229s ]
[ sql ] [ SQL ] SELECT COUNT(*) AS tp_count FROM `sean_admin_log` WHERE  `admin_menu_id` = 50  AND ( `create_time` >= 1575648000 AND `create_time` <= 1575734400 ) LIMIT 1 [ RunTime:0.000230s ]
[ sql ] [ SQL ] SELECT COUNT(*) AS tp_count FROM `sean_admin_log` WHERE  `admin_menu_id` = 50  AND ( `create_time` >= 1575734400 AND `create_time` <= 1575820800 ) LIMIT 1 [ RunTime:0.000268s ]
[ sql ] [ SQL ] SELECT COUNT(*) AS tp_count FROM `sean_admin_log` WHERE  `admin_menu_id` = 50  AND ( `create_time` >= 1575820800 AND `create_time` <= 1575907200 ) LIMIT 1 [ RunTime:0.000280s ]
[ sql ] [ SQL ] SELECT COUNT(*) AS tp_count FROM `sean_admin_log` WHERE  `admin_menu_id` = 50  AND ( `create_time` >= 1575907200 AND `create_time` <= 1575993600 ) LIMIT 1 [ RunTime:0.000237s ]
[ sql ] [ SQL ] SELECT COUNT(*) AS tp_count FROM `sean_admin_log` WHERE  `admin_menu_id` = 50  AND ( `create_time` >= 1575993600 AND `create_time` <= 1576080000 ) LIMIT 1 [ RunTime:0.000222s ]
---------------------------------------------------------------
[ 2019-12-11T19:09:38+08:00 ] 0.0.0.0 GET www.sean.com/index/Order/buy/goods_id/3/goods_count/1
[运行时间：0.172148s] [吞吐率：5.81req/s] [内存消耗：2,104.48kb] [文件加载：49]
[ info ] [ LANG ] D:\web\phpweb\sean\thinkphp\lang\zh-cn.php
[ info ] [ DB ] INIT mysql
[ info ] [ ROUTE ] array (
  'type' => 'module',
  'module' => 
  array (
    0 => 'index',
    1 => 'Order',
    2 => 'buy',
  ),
)
[ info ] [ HEADER ] array (
  'cookie' => 'PHPSESSID=442e6gogce0u2o1m3iclccpj33; log-username=seanpan565%40gmail.com; log-password=0bcc6c3004249dbe3e78cd106ab5efb4; adminer_version=4.7.5',
  'accept-language' => 'zh-CN,zh;q=0.9,en;q=0.8,und;q=0.7',
  'accept-encoding' => 'gzip, deflate',
  'referer' => 'http://www.sean.com/index/shopdateil/index/id/3.shtml',
  'accept' => 'text/html,application/xhtml+xml,application/xml;q=0.9,image/webp,image/apng,*/*;q=0.8,application/signed-exchange;v=b3',
  'user-agent' => 'Mozilla/5.0 (Windows NT 10.0; Win64; x64) AppleWebKit/537.36 (KHTML, like Gecko) Chrome/78.0.3904.108 Safari/537.36',
  'upgrade-insecure-requests' => '1',
  'cache-control' => 'no-cache',
  'pragma' => 'no-cache',
  'connection' => 'close',
  'host' => 'www.sean.com',
)
[ info ] [ PARAM ] array (
  'goods_id' => '3',
  'goods_count' => '1',
)
[ info ] [ SESSION ] INIT array (
  'id' => '',
  'var_session_id' => '',
  'prefix' => 'think',
  'type' => '',
  'auto_start' => true,
  'expire' => 3600,
)
[ info ] [ RUN ] app\index\controller\Order->buy[ D:\web\phpweb\sean\app\index\controller\Order.php ]
[ info ] [ LOG ] INIT File
[ sql ] [ DB ] CONNECT:[ UseTime:0.007597s ] mysql:host=127.0.0.1;port=3306;dbname=sean;charset=utf8
[ sql ] [ SQL ] SHOW COLUMNS FROM `sean_urlconfig` [ RunTime:0.009671s ]
[ sql ] [ SQL ] SELECT `aliases`,`url` FROM `sean_urlconfig` WHERE  `status` = 1 [ RunTime:0.000716s ]
[ sql ] [ SQL ] SHOW COLUMNS FROM `sean_user` [ RunTime:0.008951s ]
[ sql ] [ SQL ] SELECT `id`,`user_name` FROM `sean_user` WHERE  `id` = 1 LIMIT 1 [ RunTime:0.000423s ]
---------------------------------------------------------------
[ 2019-12-11T19:09:38+08:00 ] 0.0.0.0 GET www.sean.com/admin/index/index.shtml
[运行时间：0.231763s] [吞吐率：4.31req/s] [内存消耗：2,261.18kb] [文件加载：52]
[ info ] [ LANG ] D:\web\phpweb\sean\thinkphp\lang\zh-cn.php
[ info ] [ DB ] INIT mysql
[ info ] [ ROUTE ] array (
  'type' => 'module',
  'module' => 
  array (
    0 => 'admin',
    1 => 'index',
    2 => 'index',
  ),
)
[ info ] [ HEADER ] array (
  'cookie' => 'PHPSESSID=442e6gogce0u2o1m3iclccpj33; log-username=seanpan565%40gmail.com; log-password=0bcc6c3004249dbe3e78cd106ab5efb4; adminer_version=4.7.5',
  'accept-language' => 'zh-CN,zh;q=0.9,en;q=0.8,und;q=0.7',
  'accept-encoding' => 'gzip, deflate',
  'accept' => 'text/html,application/xhtml+xml,application/xml;q=0.9,image/webp,image/apng,*/*;q=0.8,application/signed-exchange;v=b3',
  'user-agent' => 'Mozilla/5.0 (Windows NT 10.0; Win64; x64) AppleWebKit/537.36 (KHTML, like Gecko) Chrome/78.0.3904.108 Safari/537.36',
  'upgrade-insecure-requests' => '1',
  'cache-control' => 'no-cache',
  'pragma' => 'no-cache',
  'connection' => 'close',
  'host' => 'www.sean.com',
)
[ info ] [ PARAM ] array (
)
[ info ] [ SESSION ] INIT array (
  'id' => '',
  'var_session_id' => '',
  'prefix' => 'think',
  'type' => '',
  'auto_start' => true,
  'expire' => 3600,
)
[ info ] [ RUN ] app\admin\controller\Index->index[ D:\web\phpweb\sean\app\admin\controller\Index.php ]
[ info ] [ VIEW ] D:\web\phpweb\sean\public/../app/admin\view\index\index.html [ array (
  0 => 'menus',
  1 => 'cookie',
) ]
[ info ] [ LOG ] INIT File
[ sql ] [ DB ] CONNECT:[ UseTime:0.015134s ] mysql:host=127.0.0.1;port=3306;dbname=sean;charset=utf8
[ sql ] [ SQL ] SHOW COLUMNS FROM `sean_urlconfig` [ RunTime:0.007362s ]
[ sql ] [ SQL ] SELECT `aliases`,`url` FROM `sean_urlconfig` WHERE  `status` = 1 [ RunTime:0.000561s ]
[ sql ] [ SQL ] SHOW COLUMNS FROM `sean_webconfig` [ RunTime:0.010291s ]
[ sql ] [ SQL ] SELECT `black_ip` FROM `sean_webconfig` WHERE  `web` = 'web' LIMIT 1 [ RunTime:0.000457s ]
[ sql ] [ SQL ] SHOW COLUMNS FROM `sean_admin_cate` [ RunTime:0.008532s ]
[ sql ] [ SQL ] SELECT `permissions` FROM `sean_admin_cate` WHERE  `id` = 1 LIMIT 1 [ RunTime:0.000438s ]
[ sql ] [ SQL ] SHOW COLUMNS FROM `sean_admin_menu` [ RunTime:0.010858s ]
[ sql ] [ SQL ] SELECT * FROM `sean_admin_menu` WHERE  `module` = 'admin'  AND `controller` = 'Index'  AND `function` = 'index'  AND `type` = 1 LIMIT 1 [ RunTime:0.000564s ]
[ sql ] [ SQL ] SELECT * FROM `sean_admin_menu` WHERE  `is_display` = 1 ORDER BY `orders` ASC [ RunTime:0.001096s ]
[ sql ] [ SQL ] SELECT `permissions` FROM `sean_admin_cate` WHERE  `id` = 1 LIMIT 1 [ RunTime:0.000313s ]
[ sql ] [ SQL ] SHOW COLUMNS FROM `sean_admin` [ RunTime:0.007819s ]
[ sql ] [ SQL ] SELECT * FROM `sean_admin` WHERE  `id` = 1 LIMIT 1 [ RunTime:0.000366s ]
[ sql ] [ SQL ] SHOW COLUMNS FROM `sean_attachment` [ RunTime:0.012605s ]
[ sql ] [ SQL ] SELECT * FROM `sean_attachment` WHERE  `id` = 5 LIMIT 1 [ RunTime:0.000403s ]
---------------------------------------------------------------
[ 2019-12-11T19:09:44+08:00 ] 0.0.0.0 GET www.sean.com/admin/main/index
[运行时间：0.190934s] [吞吐率：5.24req/s] [内存消耗：2,206.98kb] [文件加载：52]
[ info ] [ LANG ] D:\web\phpweb\sean\thinkphp\lang\zh-cn.php
[ info ] [ DB ] INIT mysql
[ info ] [ ROUTE ] array (
  'type' => 'module',
  'module' => 
  array (
    0 => 'admin',
    1 => 'main',
    2 => 'index',
  ),
)
[ info ] [ HEADER ] array (
  'cookie' => 'PHPSESSID=442e6gogce0u2o1m3iclccpj33; log-username=seanpan565%40gmail.com; log-password=0bcc6c3004249dbe3e78cd106ab5efb4; adminer_version=4.7.5',
  'accept-language' => 'zh-CN,zh;q=0.9,en;q=0.8,und;q=0.7',
  'accept-encoding' => 'gzip, deflate',
  'referer' => 'http://www.sean.com/admin/index/index.shtml',
  'accept' => 'text/html,application/xhtml+xml,application/xml;q=0.9,image/webp,image/apng,*/*;q=0.8,application/signed-exchange;v=b3',
  'user-agent' => 'Mozilla/5.0 (Windows NT 10.0; Win64; x64) AppleWebKit/537.36 (KHTML, like Gecko) Chrome/78.0.3904.108 Safari/537.36',
  'upgrade-insecure-requests' => '1',
  'connection' => 'close',
  'host' => 'www.sean.com',
)
[ info ] [ PARAM ] array (
)
[ info ] [ SESSION ] INIT array (
  'id' => '',
  'var_session_id' => '',
  'prefix' => 'think',
  'type' => '',
  'auto_start' => true,
  'expire' => 3600,
)
[ info ] [ RUN ] app\admin\controller\Main->index[ D:\web\phpweb\sean\app\admin\controller\Main.php ]
[ info ] [ VIEW ] D:\web\phpweb\sean\public/../app/admin\view\main\index.html [ array (
  0 => 'info',
  1 => 'web',
) ]
[ info ] [ LOG ] INIT File
[ sql ] [ DB ] CONNECT:[ UseTime:0.000696s ] mysql:host=127.0.0.1;port=3306;dbname=sean;charset=utf8
[ sql ] [ SQL ] SHOW COLUMNS FROM `sean_urlconfig` [ RunTime:0.061868s ]
[ sql ] [ SQL ] SELECT `aliases`,`url` FROM `sean_urlconfig` WHERE  `status` = 1 [ RunTime:0.000589s ]
[ sql ] [ SQL ] SHOW COLUMNS FROM `sean_webconfig` [ RunTime:0.006729s ]
[ sql ] [ SQL ] SELECT `black_ip` FROM `sean_webconfig` WHERE  `web` = 'web' LIMIT 1 [ RunTime:0.000317s ]
[ sql ] [ SQL ] SHOW COLUMNS FROM `sean_admin_cate` [ RunTime:0.005571s ]
[ sql ] [ SQL ] SELECT `permissions` FROM `sean_admin_cate` WHERE  `id` = 1 LIMIT 1 [ RunTime:0.000356s ]
[ sql ] [ SQL ] SHOW COLUMNS FROM `sean_admin_menu` [ RunTime:0.007517s ]
[ sql ] [ SQL ] SELECT * FROM `sean_admin_menu` WHERE  `module` = 'admin'  AND `controller` = 'Main'  AND `function` = 'index'  AND `type` = 1  AND `parameter` = 'main=' LIMIT 1 [ RunTime:0.000621s ]
[ sql ] [ SQL ] SELECT * FROM `sean_admin_menu` WHERE  `module` = 'admin'  AND `controller` = 'Main'  AND `function` = 'index'  AND `type` = 1 LIMIT 1 [ RunTime:0.000403s ]
[ sql ] [ SQL ] SHOW COLUMNS FROM `sean_admin` [ RunTime:0.006974s ]
[ sql ] [ SQL ] SELECT COUNT(*) AS tp_count FROM `sean_admin` LIMIT 1 [ RunTime:0.000518s ]
[ sql ] [ SQL ] SELECT COUNT(*) AS tp_count FROM `sean_admin_cate` LIMIT 1 [ RunTime:0.000148s ]
[ sql ] [ SQL ] SELECT `black_ip` FROM `sean_webconfig` LIMIT 1 [ RunTime:0.000165s ]
[ sql ] [ SQL ] SHOW COLUMNS FROM `sean_article` [ RunTime:0.016513s ]
[ sql ] [ SQL ] SELECT COUNT(*) AS tp_count FROM `sean_article` LIMIT 1 [ RunTime:0.000351s ]
[ sql ] [ SQL ] SELECT COUNT(*) AS tp_count FROM `sean_article` WHERE  `status` = 0 LIMIT 1 [ RunTime:0.000282s ]
[ sql ] [ SQL ] SELECT COUNT(*) AS tp_count FROM `sean_article` WHERE  `is_top` = 1 LIMIT 1 [ RunTime:0.000185s ]
[ sql ] [ SQL ] SHOW COLUMNS FROM `sean_attachment` [ RunTime:0.005654s ]
[ sql ] [ SQL ] SELECT COUNT(*) AS tp_count FROM `sean_attachment` LIMIT 1 [ RunTime:0.000362s ]
[ sql ] [ SQL ] SELECT COUNT(*) AS tp_count FROM `sean_attachment` WHERE  `status` = 0 LIMIT 1 [ RunTime:0.000321s ]
[ sql ] [ SQL ] SELECT COUNT(*) AS tp_count FROM `sean_attachment` WHERE  `status` = -1 LIMIT 1 [ RunTime:0.000251s ]
[ sql ] [ SQL ] SHOW COLUMNS FROM `sean_messages` [ RunTime:0.008764s ]
[ sql ] [ SQL ] SELECT COUNT(*) AS tp_count FROM `sean_messages` LIMIT 1 [ RunTime:0.000229s ]
[ sql ] [ SQL ] SELECT COUNT(*) AS tp_count FROM `sean_messages` WHERE  `is_look` = 0 LIMIT 1 [ RunTime:0.000257s ]
[ sql ] [ SQL ] SHOW COLUMNS FROM `sean_admin_log` [ RunTime:0.006966s ]
[ sql ] [ SQL ] SELECT COUNT(*) AS tp_count FROM `sean_admin_log` WHERE  `admin_menu_id` = 50  AND ( `create_time` >= 1575216000 AND `create_time` <= 1575302400 ) LIMIT 1 [ RunTime:0.000473s ]
[ sql ] [ SQL ] SELECT COUNT(*) AS tp_count FROM `sean_admin_log` WHERE  `admin_menu_id` = 50  AND ( `create_time` >= 1575302400 AND `create_time` <= 1575388800 ) LIMIT 1 [ RunTime:0.000334s ]
[ sql ] [ SQL ] SELECT COUNT(*) AS tp_count FROM `sean_admin_log` WHERE  `admin_menu_id` = 50  AND ( `create_time` >= 1575388800 AND `create_time` <= 1575475200 ) LIMIT 1 [ RunTime:0.000312s ]
[ sql ] [ SQL ] SELECT COUNT(*) AS tp_count FROM `sean_admin_log` WHERE  `admin_menu_id` = 50  AND ( `create_time` >= 1575475200 AND `create_time` <= 1575561600 ) LIMIT 1 [ RunTime:0.000325s ]
[ sql ] [ SQL ] SELECT COUNT(*) AS tp_count FROM `sean_admin_log` WHERE  `admin_menu_id` = 50  AND ( `create_time` >= 1575561600 AND `create_time` <= 1575648000 ) LIMIT 1 [ RunTime:0.000257s ]
[ sql ] [ SQL ] SELECT COUNT(*) AS tp_count FROM `sean_admin_log` WHERE  `admin_menu_id` = 50  AND ( `create_time` >= 1575648000 AND `create_time` <= 1575734400 ) LIMIT 1 [ RunTime:0.000244s ]
[ sql ] [ SQL ] SELECT COUNT(*) AS tp_count FROM `sean_admin_log` WHERE  `admin_menu_id` = 50  AND ( `create_time` >= 1575734400 AND `create_time` <= 1575820800 ) LIMIT 1 [ RunTime:0.000289s ]
[ sql ] [ SQL ] SELECT COUNT(*) AS tp_count FROM `sean_admin_log` WHERE  `admin_menu_id` = 50  AND ( `create_time` >= 1575820800 AND `create_time` <= 1575907200 ) LIMIT 1 [ RunTime:0.000250s ]
[ sql ] [ SQL ] SELECT COUNT(*) AS tp_count FROM `sean_admin_log` WHERE  `admin_menu_id` = 50  AND ( `create_time` >= 1575907200 AND `create_time` <= 1575993600 ) LIMIT 1 [ RunTime:0.000250s ]
[ sql ] [ SQL ] SELECT COUNT(*) AS tp_count FROM `sean_admin_log` WHERE  `admin_menu_id` = 50  AND ( `create_time` >= 1575993600 AND `create_time` <= 1576080000 ) LIMIT 1 [ RunTime:0.000243s ]
